[2020-03-07T15:43:18.081] [DEBUG] cheese - login => username:admin,password:123456
[2020-03-07T15:43:18.084] [DEBUG] cheese - admin
[2020-03-07T15:43:18.112] [DEBUG] cheese - null
[2020-03-07T15:43:18.113] [DEBUG] cheese - null
[2020-03-07T15:43:38.743] [DEBUG] cheese - login => username:admin,password:123454
[2020-03-07T15:43:38.743] [DEBUG] cheese - admin
[2020-03-07T15:43:38.752] [DEBUG] cheese - null
[2020-03-07T15:43:38.752] [DEBUG] cheese - null
[2020-03-07T16:30:31.292] [DEBUG] cheese - login => username:admin,password:123456
[2020-03-07T16:30:31.293] [DEBUG] cheese - admin
[2020-03-07T16:30:31.302] [DEBUG] cheese - null
[2020-03-07T16:30:31.303] [DEBUG] cheese - null
[2020-03-07T16:33:09.557] [DEBUG] cheese - login => username:admin,password:123456
[2020-03-07T16:33:09.558] [DEBUG] cheese - admin
[2020-03-07T16:33:09.561] [DEBUG] cheese - null
[2020-03-07T16:33:09.561] [DEBUG] cheese - null
[2020-03-07T16:33:10.674] [DEBUG] cheese - login => username:admin,password:123456
[2020-03-07T16:33:10.675] [DEBUG] cheese - admin
[2020-03-07T16:33:10.678] [DEBUG] cheese - null
[2020-03-07T16:33:10.678] [DEBUG] cheese - null
[2020-03-07T16:33:28.383] [DEBUG] cheese - login => username:admin,password:12345
[2020-03-07T16:33:28.384] [DEBUG] cheese - admin
[2020-03-07T16:33:28.389] [DEBUG] cheese - null
[2020-03-07T16:33:28.389] [DEBUG] cheese - null
[2020-03-07T16:33:30.340] [DEBUG] cheese - login => username:admin,password:12345
[2020-03-07T16:33:30.341] [DEBUG] cheese - admin
[2020-03-07T16:33:30.344] [DEBUG] cheese - null
[2020-03-07T16:33:30.345] [DEBUG] cheese - null
[2020-03-07T16:33:33.082] [DEBUG] cheese - login => username:admin,password:12345
[2020-03-07T16:33:33.082] [DEBUG] cheese - admin
[2020-03-07T16:33:33.086] [DEBUG] cheese - null
[2020-03-07T16:33:33.086] [DEBUG] cheese - null
[2020-03-07T16:33:33.594] [DEBUG] cheese - login => username:admin,password:12345
[2020-03-07T16:33:33.594] [DEBUG] cheese - admin
[2020-03-07T16:33:33.598] [DEBUG] cheese - null
[2020-03-07T16:33:33.598] [DEBUG] cheese - null
[2020-03-07T16:34:03.896] [DEBUG] cheese - login => username:wu,password:123445
[2020-03-07T16:34:03.896] [DEBUG] cheese - wu
[2020-03-07T16:34:03.902] [DEBUG] cheese - null
[2020-03-07T16:34:03.902] [DEBUG] cheese - null
[2020-03-07T16:34:12.801] [DEBUG] cheese - login => username:admin,password:123456
[2020-03-07T16:34:12.802] [DEBUG] cheese - admin
[2020-03-07T16:34:12.806] [DEBUG] cheese - null
[2020-03-07T16:34:12.806] [DEBUG] cheese - null
[2020-03-07T16:38:32.717] [DEBUG] cheese - login => username:555,password:5
[2020-03-07T16:38:32.717] [DEBUG] cheese - 555
[2020-03-07T16:38:32.721] [DEBUG] cheese - null
[2020-03-07T16:38:32.722] [DEBUG] cheese - null
[2020-03-07T16:38:32.724] [DEBUG] cheese - login => username:wuss,password:123445
[2020-03-07T16:38:32.724] [DEBUG] cheese - wuss
[2020-03-07T16:38:32.732] [DEBUG] cheese - null
[2020-03-07T16:38:32.733] [DEBUG] cheese - null
[2020-03-07T16:39:45.445] [DEBUG] cheese - login => username:wu,password:123445
[2020-03-07T16:39:45.446] [DEBUG] cheese - wu
[2020-03-07T16:39:45.449] [DEBUG] cheese - null
[2020-03-07T16:39:45.449] [DEBUG] cheese - null
[2020-03-07T16:40:01.198] [DEBUG] cheese - login => username:wu,password:123445
[2020-03-07T16:40:01.198] [DEBUG] cheese - wu
[2020-03-07T16:40:01.202] [DEBUG] cheese - null
[2020-03-07T16:40:01.202] [DEBUG] cheese - null
[2020-03-07T16:40:36.892] [DEBUG] cheese - login => username:sssdfs,password:dsfsdf
[2020-03-07T16:40:36.892] [DEBUG] cheese - sssdfs
[2020-03-07T16:40:36.898] [DEBUG] cheese - null
[2020-03-07T16:40:36.899] [DEBUG] cheese - null
[2020-03-07T16:40:45.438] [DEBUG] cheese - login => username:wusd,password:123445
[2020-03-07T16:40:45.439] [DEBUG] cheese - wusd
[2020-03-07T16:40:45.442] [DEBUG] cheese - null
[2020-03-07T16:40:45.443] [DEBUG] cheese - null
[2020-03-07T16:45:00.617] [DEBUG] cheese - login => username:admin,password:123456
[2020-03-07T16:45:00.618] [DEBUG] cheese - admin
[2020-03-07T16:45:00.621] [DEBUG] cheese - null
[2020-03-07T16:45:00.622] [DEBUG] cheese - null
[2020-03-07T16:49:17.542] [DEBUG] cheese - login => username:admin,password:1123455
[2020-03-07T16:49:17.543] [DEBUG] cheese - admin
[2020-03-07T16:49:17.551] [DEBUG] cheese - null
[2020-03-07T16:49:17.551] [DEBUG] cheese - null
[2020-03-07T16:49:22.184] [DEBUG] cheese - login => username:admin,password:123456
[2020-03-07T16:49:22.185] [DEBUG] cheese - admin
[2020-03-07T16:49:22.189] [DEBUG] cheese - null
[2020-03-07T16:49:22.189] [DEBUG] cheese - null
[2020-03-07T16:51:47.597] [DEBUG] cheese - login => username:wus,password:123445
[2020-03-07T16:51:47.597] [DEBUG] cheese - wus
[2020-03-07T16:51:47.601] [DEBUG] cheese - null
[2020-03-07T16:51:47.601] [DEBUG] cheese - null
[2020-03-07T16:51:48.687] [DEBUG] cheese - login => username:wus,password:123445
[2020-03-07T16:51:48.687] [DEBUG] cheese - wus
[2020-03-07T16:51:48.690] [DEBUG] cheese - null
[2020-03-07T16:51:48.690] [DEBUG] cheese - null
[2020-03-07T16:52:20.759] [DEBUG] cheese - login => username:wus,password:123445
[2020-03-07T16:52:20.759] [DEBUG] cheese - wus
[2020-03-07T16:52:20.765] [DEBUG] cheese - null
[2020-03-07T16:52:20.766] [DEBUG] cheese - null
[2020-03-07T16:52:23.175] [DEBUG] cheese - login => username:wuss,password:123445
[2020-03-07T16:52:23.175] [DEBUG] cheese - wuss
[2020-03-07T16:52:23.179] [DEBUG] cheese - null
[2020-03-07T16:52:23.180] [DEBUG] cheese - null
[2020-03-07T16:52:23.702] [DEBUG] cheese - login => username:wuss,password:123445
[2020-03-07T16:52:23.702] [DEBUG] cheese - wuss
[2020-03-07T16:52:23.705] [DEBUG] cheese - null
[2020-03-07T16:52:23.705] [DEBUG] cheese - null
[2020-03-07T16:52:23.879] [DEBUG] cheese - login => username:wuss,password:123445
[2020-03-07T16:52:23.879] [DEBUG] cheese - wuss
[2020-03-07T16:52:23.883] [DEBUG] cheese - null
[2020-03-07T16:52:23.883] [DEBUG] cheese - null
[2020-03-07T16:52:39.412] [DEBUG] cheese - login => username:wudd,password:123445
[2020-03-07T16:52:39.412] [DEBUG] cheese - wudd
[2020-03-07T16:52:39.417] [DEBUG] cheese - null
[2020-03-07T16:52:39.417] [DEBUG] cheese - null
[2020-03-07T16:52:52.499] [DEBUG] cheese - login => username:admin,password:123456
[2020-03-07T16:52:52.500] [DEBUG] cheese - admin
[2020-03-07T16:52:52.505] [DEBUG] cheese - null
[2020-03-07T16:52:52.505] [DEBUG] cheese - null
[2020-03-07T16:53:24.795] [DEBUG] cheese - login => username:3333,password:3333
[2020-03-07T16:53:24.795] [DEBUG] cheese - 3333
[2020-03-07T16:53:24.799] [DEBUG] cheese - null
[2020-03-07T16:53:24.800] [DEBUG] cheese - null
[2020-03-07T16:53:25.354] [DEBUG] cheese - login => username:3333,password:3333
[2020-03-07T16:53:25.354] [DEBUG] cheese - 3333
[2020-03-07T16:53:25.357] [DEBUG] cheese - null
[2020-03-07T16:53:25.357] [DEBUG] cheese - null
[2020-03-07T16:53:37.159] [DEBUG] cheese - login => username:admin,password:123456
[2020-03-07T16:53:37.159] [DEBUG] cheese - admin
[2020-03-07T16:53:37.167] [DEBUG] cheese - null
[2020-03-07T16:53:37.167] [DEBUG] cheese - null
[2020-03-07T16:53:37.806] [DEBUG] cheese - login => username:admin,password:123456
[2020-03-07T16:53:37.806] [DEBUG] cheese - admin
[2020-03-07T16:53:37.812] [DEBUG] cheese - null
[2020-03-07T16:53:37.813] [DEBUG] cheese - null
[2020-03-07T16:53:38.942] [DEBUG] cheese - login => username:admin,password:123456
[2020-03-07T16:53:38.942] [DEBUG] cheese - admin
[2020-03-07T16:53:38.947] [DEBUG] cheese - null
[2020-03-07T16:53:38.947] [DEBUG] cheese - null
[2020-03-07T16:53:40.141] [DEBUG] cheese - login => username:admin,password:123456
[2020-03-07T16:53:40.141] [DEBUG] cheese - admin
[2020-03-07T16:53:40.147] [DEBUG] cheese - null
[2020-03-07T16:53:40.147] [DEBUG] cheese - null
[2020-03-07T16:53:41.853] [DEBUG] cheese - login => username:admin,password:123456s
[2020-03-07T16:53:41.853] [DEBUG] cheese - admin
[2020-03-07T16:53:41.857] [DEBUG] cheese - null
[2020-03-07T16:53:41.857] [DEBUG] cheese - null
[2020-03-07T16:53:55.183] [DEBUG] cheese - login => username:wus,password:123445
[2020-03-07T16:53:55.183] [DEBUG] cheese - wus
[2020-03-07T16:53:55.187] [DEBUG] cheese - null
[2020-03-07T16:53:55.187] [DEBUG] cheese - null
[2020-03-07T16:54:00.457] [DEBUG] cheese - login => username:admin,password:123456
[2020-03-07T16:54:00.457] [DEBUG] cheese - admin
[2020-03-07T16:54:00.463] [DEBUG] cheese - null
[2020-03-07T16:54:00.463] [DEBUG] cheese - null
[2020-03-07T16:54:01.638] [DEBUG] cheese - login => username:admin,password:123456
[2020-03-07T16:54:01.638] [DEBUG] cheese - admin
[2020-03-07T16:54:01.642] [DEBUG] cheese - null
[2020-03-07T16:54:01.642] [DEBUG] cheese - null
[2020-03-07T16:54:02.232] [DEBUG] cheese - login => username:admin,password:123456
[2020-03-07T16:54:02.232] [DEBUG] cheese - admin
[2020-03-07T16:54:02.236] [DEBUG] cheese - null
[2020-03-07T16:54:02.236] [DEBUG] cheese - null
[2020-03-07T16:54:02.439] [DEBUG] cheese - login => username:admin,password:123456
[2020-03-07T16:54:02.439] [DEBUG] cheese - admin
[2020-03-07T16:54:02.444] [DEBUG] cheese - null
[2020-03-07T16:54:02.444] [DEBUG] cheese - null
[2020-03-07T16:54:02.646] [DEBUG] cheese - login => username:admin,password:123456
[2020-03-07T16:54:02.646] [DEBUG] cheese - admin
[2020-03-07T16:54:02.650] [DEBUG] cheese - null
[2020-03-07T16:54:02.650] [DEBUG] cheese - null
[2020-03-07T16:58:50.663] [DEBUG] cheese - login => username:wusss,password:123445
[2020-03-07T16:58:50.664] [DEBUG] cheese - wusss
[2020-03-07T16:58:50.669] [DEBUG] cheese - null
[2020-03-07T16:58:50.669] [DEBUG] cheese - null
[2020-03-07T17:09:16.675] [DEBUG] cheese - login => username:wuss,password:123445
[2020-03-07T17:09:16.676] [DEBUG] cheese - wuss
[2020-03-07T17:09:16.681] [DEBUG] cheese - null
[2020-03-07T17:09:16.681] [DEBUG] cheese - null
[2020-03-07T17:11:22.364] [DEBUG] cheese - login => username:wussd,password:123445
[2020-03-07T17:11:22.364] [DEBUG] cheese - wussd
[2020-03-07T17:11:22.368] [DEBUG] cheese - null
[2020-03-07T17:11:22.368] [DEBUG] cheese - null
[2020-03-07T17:11:27.579] [DEBUG] cheese - login => username:admin,password:123445
[2020-03-07T17:11:27.579] [DEBUG] cheese - admin
[2020-03-07T17:11:27.585] [DEBUG] cheese - null
[2020-03-07T17:11:27.585] [DEBUG] cheese - null
[2020-03-07T17:11:34.687] [DEBUG] cheese - login => username:admin,password:123456
[2020-03-07T17:11:34.688] [DEBUG] cheese - admin
[2020-03-07T17:11:34.692] [DEBUG] cheese - null
[2020-03-07T17:11:34.693] [DEBUG] cheese - null
[2020-03-07T17:11:37.213] [DEBUG] cheese - login => username:admin,password:123456s
[2020-03-07T17:11:37.214] [DEBUG] cheese - admin
[2020-03-07T17:11:37.218] [DEBUG] cheese - null
[2020-03-07T17:11:37.218] [DEBUG] cheese - null
[2020-03-07T18:48:42.556] [DEBUG] cheese - login => username:admin,password:123456
[2020-03-07T18:48:42.556] [DEBUG] cheese - admin
[2020-03-07T18:48:42.562] [DEBUG] cheese - null
[2020-03-07T18:48:42.562] [DEBUG] cheese - null
[2020-03-07T18:49:19.861] [DEBUG] cheese - login => username:wus,password:123445
[2020-03-07T18:49:19.861] [DEBUG] cheese - wus
[2020-03-07T18:49:19.922] [DEBUG] cheese - login => username:wus,password:123445
[2020-03-07T18:49:19.924] [DEBUG] cheese - wus
[2020-03-07T18:49:19.945] [DEBUG] cheese - null
[2020-03-07T18:49:19.945] [DEBUG] cheese - null
[2020-03-07T18:49:19.954] [DEBUG] cheese - null
[2020-03-07T18:49:19.955] [DEBUG] cheese - null
[2020-03-07T18:49:34.748] [DEBUG] cheese - login => username:admin,password:123456
[2020-03-07T18:49:34.749] [DEBUG] cheese - admin
[2020-03-07T18:49:34.753] [DEBUG] cheese - null
[2020-03-07T18:49:34.753] [DEBUG] cheese - null
[2020-03-07T18:49:34.871] [DEBUG] cheese - login => username:admin,password:123456
[2020-03-07T18:49:34.871] [DEBUG] cheese - admin
[2020-03-07T18:49:34.878] [DEBUG] cheese - null
[2020-03-07T18:49:34.878] [DEBUG] cheese - null
[2020-03-07T18:51:04.438] [DEBUG] cheese - login => username:amin,password:123456
[2020-03-07T18:51:04.439] [DEBUG] cheese - amin
[2020-03-07T18:51:04.443] [DEBUG] cheese - null
[2020-03-07T18:51:04.443] [DEBUG] cheese - null
[2020-03-07T18:51:12.810] [DEBUG] cheese - login => username:admin,password:123456
[2020-03-07T18:51:12.811] [DEBUG] cheese - admin
[2020-03-07T18:51:12.816] [DEBUG] cheese - null
[2020-03-07T18:51:12.816] [DEBUG] cheese - null
[2020-03-07T18:52:36.612] [DEBUG] cheese - login => username:wus,password:123445
[2020-03-07T18:52:36.612] [DEBUG] cheese - wus
[2020-03-07T18:52:36.616] [DEBUG] cheese - null
[2020-03-07T18:52:36.617] [DEBUG] cheese - null
[2020-03-07T18:52:36.622] [DEBUG] cheese - login => username:wus,password:123445
[2020-03-07T18:52:36.622] [DEBUG] cheese - wus
[2020-03-07T18:52:36.662] [DEBUG] cheese - null
[2020-03-07T18:52:36.662] [DEBUG] cheese - null
[2020-03-07T18:52:42.600] [DEBUG] cheese - login => username:admin,password:123456
[2020-03-07T18:52:42.601] [DEBUG] cheese - admin
[2020-03-07T18:52:42.604] [DEBUG] cheese - null
[2020-03-07T18:52:42.604] [DEBUG] cheese - null
[2020-03-07T18:52:42.730] [DEBUG] cheese - login => username:admin,password:123456
[2020-03-07T18:52:42.731] [DEBUG] cheese - admin
[2020-03-07T18:52:42.734] [DEBUG] cheese - null
[2020-03-07T18:52:42.735] [DEBUG] cheese - null
[2020-03-07T18:53:03.963] [DEBUG] cheese - login => username:admin,password:123456
[2020-03-07T18:53:03.964] [DEBUG] cheese - admin
[2020-03-07T18:53:03.968] [DEBUG] cheese - null
[2020-03-07T18:53:03.968] [DEBUG] cheese - null
[2020-03-07T18:53:04.124] [DEBUG] cheese - login => username:admin,password:123456
[2020-03-07T18:53:04.124] [DEBUG] cheese - admin
[2020-03-07T18:53:04.127] [DEBUG] cheese - null
[2020-03-07T18:53:04.128] [DEBUG] cheese - null
[2020-03-07T18:53:23.968] [DEBUG] cheese - login => username:admin,password:123456
[2020-03-07T18:53:23.968] [DEBUG] cheese - admin
[2020-03-07T18:53:23.972] [DEBUG] cheese - null
[2020-03-07T18:53:23.972] [DEBUG] cheese - null
[2020-03-07T18:53:24.098] [DEBUG] cheese - login => username:admin,password:123456
[2020-03-07T18:53:24.098] [DEBUG] cheese - admin
[2020-03-07T18:53:24.102] [DEBUG] cheese - null
[2020-03-07T18:53:24.102] [DEBUG] cheese - null
[2020-03-07T18:53:31.131] [DEBUG] cheese - login => username:admin,password:123445
[2020-03-07T18:53:31.131] [DEBUG] cheese - admin
[2020-03-07T18:53:31.136] [DEBUG] cheese - null
[2020-03-07T18:53:31.136] [DEBUG] cheese - null
[2020-03-07T18:53:31.290] [DEBUG] cheese - login => username:admin,password:123445
[2020-03-07T18:53:31.290] [DEBUG] cheese - admin
[2020-03-07T18:53:31.294] [DEBUG] cheese - null
[2020-03-07T18:53:31.294] [DEBUG] cheese - null
[2020-03-07T18:54:10.696] [DEBUG] cheese - login => username:admin,password:123456
[2020-03-07T18:54:10.696] [DEBUG] cheese - admin
[2020-03-07T18:54:10.704] [DEBUG] cheese - null
[2020-03-07T18:54:10.704] [DEBUG] cheese - null
[2020-03-07T18:54:44.799] [DEBUG] cheese - login => username:admin,password:123456
[2020-03-07T18:54:44.799] [DEBUG] cheese - admin
[2020-03-07T18:54:44.804] [DEBUG] cheese - null
[2020-03-07T18:54:44.804] [DEBUG] cheese - null
[2020-03-07T18:57:30.588] [DEBUG] cheese - login => username:admin,password:123456
[2020-03-07T18:57:30.588] [DEBUG] cheese - admin
[2020-03-07T18:57:30.593] [DEBUG] cheese - null
[2020-03-07T18:57:30.594] [DEBUG] cheese - null
[2020-03-07T18:57:35.866] [DEBUG] cheese - login => username:admin,password:123456
[2020-03-07T18:57:35.866] [DEBUG] cheese - admin
[2020-03-07T18:57:35.870] [DEBUG] cheese - null
[2020-03-07T18:57:35.870] [DEBUG] cheese - null
[2020-03-07T18:57:56.671] [DEBUG] cheese - login => username:admin,password:123456
[2020-03-07T18:57:56.671] [DEBUG] cheese - admin
[2020-03-07T18:57:56.675] [DEBUG] cheese - null
[2020-03-07T18:57:56.675] [DEBUG] cheese - null
[2020-03-07T18:58:06.101] [DEBUG] cheese - login => username:admin,password:123456
[2020-03-07T18:58:06.101] [DEBUG] cheese - admin
[2020-03-07T18:58:06.104] [DEBUG] cheese - null
[2020-03-07T18:58:06.105] [DEBUG] cheese - null
[2020-03-07T18:58:49.004] [DEBUG] cheese - login => username:admin,password:12346
[2020-03-07T18:58:49.005] [DEBUG] cheese - admin
[2020-03-07T18:58:49.008] [DEBUG] cheese - null
[2020-03-07T18:58:49.009] [DEBUG] cheese - null
[2020-03-07T18:58:53.425] [DEBUG] cheese - login => username:admin,password:123456
[2020-03-07T18:58:53.425] [DEBUG] cheese - admin
[2020-03-07T18:58:53.430] [DEBUG] cheese - null
[2020-03-07T18:58:53.430] [DEBUG] cheese - null
[2020-03-07T18:58:56.935] [DEBUG] cheese - login => username:admin,password:123456
[2020-03-07T18:58:56.935] [DEBUG] cheese - admin
[2020-03-07T18:58:56.939] [DEBUG] cheese - null
[2020-03-07T18:58:56.939] [DEBUG] cheese - null
[2020-03-07T18:59:04.797] [DEBUG] cheese - login => username:admin,password:123456
[2020-03-07T18:59:04.797] [DEBUG] cheese - admin
[2020-03-07T18:59:04.800] [DEBUG] cheese - null
[2020-03-07T18:59:04.801] [DEBUG] cheese - null
[2020-03-07T19:06:49.387] [DEBUG] cheese - login => username:admin,password:123456
[2020-03-07T19:06:49.387] [DEBUG] cheese - admin
[2020-03-07T19:06:49.392] [DEBUG] cheese - null
[2020-03-07T19:06:49.392] [DEBUG] cheese - null
[2020-03-07T19:08:18.233] [DEBUG] cheese - login => username:admin,password:123456
[2020-03-07T19:08:18.233] [DEBUG] cheese - admin
[2020-03-07T19:08:18.238] [DEBUG] cheese - null
[2020-03-07T19:08:18.238] [DEBUG] cheese - null
[2020-03-07T19:10:02.166] [DEBUG] cheese - login => username:admin,password:123456
[2020-03-07T19:10:02.167] [DEBUG] cheese - admin
[2020-03-07T19:10:02.171] [DEBUG] cheese - null
[2020-03-07T19:10:02.171] [DEBUG] cheese - null
[2020-03-07T19:32:32.826] [DEBUG] cheese - login => username:admin,password:123456
[2020-03-07T19:32:32.826] [DEBUG] cheese - admin
[2020-03-07T19:32:32.834] [DEBUG] cheese - null
[2020-03-07T19:32:32.834] [DEBUG] cheese - null
[2020-03-07T19:32:32.976] [DEBUG] cheese - login => username:admin,password:123456
[2020-03-07T19:32:32.977] [DEBUG] cheese - admin
[2020-03-07T19:32:32.981] [DEBUG] cheese - null
[2020-03-07T19:32:32.981] [DEBUG] cheese - null
[2020-03-07T19:41:07.141] [DEBUG] cheese - login => username:admin,password:123456
[2020-03-07T19:41:07.141] [DEBUG] cheese - admin
[2020-03-07T19:41:07.148] [DEBUG] cheese - null
[2020-03-07T19:41:07.148] [DEBUG] cheese - null
[2020-03-07T19:41:09.534] [DEBUG] cheese - login => username:admin,password:123456s
[2020-03-07T19:41:09.534] [DEBUG] cheese - admin
[2020-03-07T19:41:09.539] [DEBUG] cheese - null
[2020-03-07T19:41:09.539] [DEBUG] cheese - null
[2020-03-07T19:48:49.391] [DEBUG] cheese - login => username:admin,password:123456
[2020-03-07T19:48:49.392] [DEBUG] cheese - admin
[2020-03-07T19:48:49.399] [DEBUG] cheese - null
[2020-03-07T19:48:49.399] [DEBUG] cheese - null
[2020-03-07T19:49:18.392] [DEBUG] cheese - login => username:admin,password:123456
[2020-03-07T19:49:18.393] [DEBUG] cheese - admin
[2020-03-07T19:49:18.396] [DEBUG] cheese - null
[2020-03-07T19:49:18.396] [DEBUG] cheese - null
[2020-03-07T19:49:50.356] [DEBUG] cheese - login => username:admin,password:123456
[2020-03-07T19:49:50.356] [DEBUG] cheese - admin
[2020-03-07T19:49:50.360] [DEBUG] cheese - null
[2020-03-07T19:49:50.360] [DEBUG] cheese - null
[2020-03-07T19:50:34.421] [DEBUG] cheese - login => username:admin,password:123456
[2020-03-07T19:50:34.422] [DEBUG] cheese - admin
[2020-03-07T19:50:34.426] [DEBUG] cheese - null
[2020-03-07T19:50:34.426] [DEBUG] cheese - null
[2020-03-07T19:50:48.437] [DEBUG] cheese - login => username:admin,password:123456
[2020-03-07T19:50:48.437] [DEBUG] cheese - admin
[2020-03-07T19:50:48.442] [DEBUG] cheese - null
[2020-03-07T19:50:48.442] [DEBUG] cheese - null
[2020-03-07T19:53:48.877] [DEBUG] cheese - login => username:admin,password:123456
[2020-03-07T19:53:48.877] [DEBUG] cheese - admin
[2020-03-07T19:53:48.882] [DEBUG] cheese - null
[2020-03-07T19:53:48.882] [DEBUG] cheese - null
[2020-03-07T19:54:37.518] [DEBUG] cheese - login => username:admin,password:123456
[2020-03-07T19:54:37.519] [DEBUG] cheese - admin
[2020-03-07T19:54:37.527] [DEBUG] cheese - null
[2020-03-07T19:54:37.527] [DEBUG] cheese - null
[2020-03-07T19:54:49.744] [DEBUG] cheese - login => username:admin,password:123456
[2020-03-07T19:54:49.744] [DEBUG] cheese - admin
[2020-03-07T19:54:49.748] [DEBUG] cheese - null
[2020-03-07T19:54:49.748] [DEBUG] cheese - null
[2020-03-07T19:55:13.407] [DEBUG] cheese - login => username:admin,password:123456
[2020-03-07T19:55:13.407] [DEBUG] cheese - admin
[2020-03-07T19:55:13.411] [DEBUG] cheese - null
[2020-03-07T19:55:13.411] [DEBUG] cheese - null
[2020-03-07T19:55:54.861] [DEBUG] cheese - login => username:admin,password:123456
[2020-03-07T19:55:54.862] [DEBUG] cheese - admin
[2020-03-07T19:55:54.865] [DEBUG] cheese - null
[2020-03-07T19:55:54.865] [DEBUG] cheese - null
[2020-03-07T19:56:15.453] [DEBUG] cheese - login => username:admin,password:123456
[2020-03-07T19:56:15.453] [DEBUG] cheese - admin
[2020-03-07T19:56:15.460] [DEBUG] cheese - null
[2020-03-07T19:56:15.460] [DEBUG] cheese - null
[2020-03-07T19:56:32.189] [DEBUG] cheese - login => username:admin,password:123456
[2020-03-07T19:56:32.189] [DEBUG] cheese - admin
[2020-03-07T19:56:32.193] [DEBUG] cheese - null
[2020-03-07T19:56:32.194] [DEBUG] cheese - null
[2020-03-07T19:57:13.984] [DEBUG] cheese - login => username:admin,password:123456
[2020-03-07T19:57:13.984] [DEBUG] cheese - admin
[2020-03-07T19:57:13.988] [DEBUG] cheese - null
[2020-03-07T19:57:13.988] [DEBUG] cheese - null
[2020-03-07T20:19:04.149] [DEBUG] cheese - login => username:admin,password:123456
[2020-03-07T20:19:04.149] [DEBUG] cheese - admin
[2020-03-07T20:19:04.158] [DEBUG] cheese - null
[2020-03-07T20:19:04.158] [DEBUG] cheese - null
[2020-03-07T20:21:08.746] [DEBUG] cheese - login => username:admin,password:123456
[2020-03-07T20:21:08.746] [DEBUG] cheese - admin
[2020-03-07T20:21:08.750] [DEBUG] cheese - null
[2020-03-07T20:21:08.750] [DEBUG] cheese - null
[2020-03-07T20:21:29.095] [DEBUG] cheese - login => username:admin,password:123456
[2020-03-07T20:21:29.095] [DEBUG] cheese - admin
[2020-03-07T20:21:29.099] [DEBUG] cheese - null
[2020-03-07T20:21:29.100] [DEBUG] cheese - null
[2020-03-07T20:22:16.200] [DEBUG] cheese - login => username:admin,password:123456
[2020-03-07T20:22:16.200] [DEBUG] cheese - admin
[2020-03-07T20:22:16.205] [DEBUG] cheese - null
[2020-03-07T20:22:16.206] [DEBUG] cheese - null
[2020-03-07T20:22:24.900] [DEBUG] cheese - login => username:admin,password:123456s
[2020-03-07T20:22:24.901] [DEBUG] cheese - admin
[2020-03-07T20:22:24.909] [DEBUG] cheese - null
[2020-03-07T20:22:24.909] [DEBUG] cheese - null
[2020-03-07T20:22:29.445] [DEBUG] cheese - login => username:admin,password:123456
[2020-03-07T20:22:29.445] [DEBUG] cheese - admin
[2020-03-07T20:22:29.452] [DEBUG] cheese - null
[2020-03-07T20:22:29.452] [DEBUG] cheese - null
[2020-03-07T20:24:53.484] [DEBUG] cheese - login => username:admin,password:123456
[2020-03-07T20:24:53.484] [DEBUG] cheese - admin
[2020-03-07T20:24:53.489] [DEBUG] cheese - null
[2020-03-07T20:24:53.489] [DEBUG] cheese - null
[2020-03-07T20:27:18.683] [DEBUG] cheese - login => username:admin,password:123456
[2020-03-07T20:27:18.683] [DEBUG] cheese - admin
[2020-03-07T20:27:18.689] [DEBUG] cheese - null
[2020-03-07T20:27:18.689] [DEBUG] cheese - null
[2020-03-07T20:27:25.993] [DEBUG] cheese - login => username:admin,password:123456
[2020-03-07T20:27:25.994] [DEBUG] cheese - admin
[2020-03-07T20:27:25.998] [DEBUG] cheese - null
[2020-03-07T20:27:25.998] [DEBUG] cheese - null
[2020-03-07T20:27:57.805] [DEBUG] cheese - login => username:admin,password:123456
[2020-03-07T20:27:57.805] [DEBUG] cheese - admin
[2020-03-07T20:27:57.809] [DEBUG] cheese - null
[2020-03-07T20:27:57.809] [DEBUG] cheese - null
[2020-03-07T20:29:50.356] [DEBUG] cheese - login => username:admin,password:123456
[2020-03-07T20:29:50.356] [DEBUG] cheese - admin
[2020-03-07T20:29:50.360] [DEBUG] cheese - null
[2020-03-07T20:29:50.360] [DEBUG] cheese - null
[2020-03-07T20:30:09.520] [DEBUG] cheese - login => username:admin,password:123456
[2020-03-07T20:30:09.520] [DEBUG] cheese - admin
[2020-03-07T20:30:09.527] [DEBUG] cheese - null
[2020-03-07T20:30:09.527] [DEBUG] cheese - null
[2020-03-07T20:38:37.233] [DEBUG] cheese - login => username:admin,password:123456
[2020-03-07T20:38:37.233] [DEBUG] cheese - admin
[2020-03-07T20:38:37.241] [DEBUG] cheese - null
[2020-03-07T20:38:37.241] [DEBUG] cheese - null
[2020-03-07T20:39:02.629] [DEBUG] cheese - login => username:admin,password:123456
[2020-03-07T20:39:02.629] [DEBUG] cheese - admin
[2020-03-07T20:39:02.634] [DEBUG] cheese - null
[2020-03-07T20:39:02.634] [DEBUG] cheese - null
[2020-03-07T22:12:39.474] [DEBUG] cheese - login => username:admin,password:123456
[2020-03-07T22:12:39.475] [DEBUG] cheese - admin
[2020-03-07T22:12:39.481] [DEBUG] cheese - null
[2020-03-07T22:12:39.481] [DEBUG] cheese - null
[2020-03-07T22:14:35.043] [DEBUG] cheese - login => username:admin,password:123456
[2020-03-07T22:14:35.043] [DEBUG] cheese - admin
[2020-03-07T22:14:35.048] [DEBUG] cheese - null
[2020-03-07T22:14:35.048] [DEBUG] cheese - null
[2020-03-07T22:20:17.080] [DEBUG] cheese - login => username:admin,password:123456
[2020-03-07T22:20:17.081] [DEBUG] cheese - admin
[2020-03-07T22:20:17.086] [DEBUG] cheese - null
[2020-03-07T22:20:17.086] [DEBUG] cheese - null
[2020-03-07T22:47:40.423] [DEBUG] cheese - login => username:admin,password:123456
[2020-03-07T22:47:40.423] [DEBUG] cheese - admin
[2020-03-07T22:47:40.429] [DEBUG] cheese - null
[2020-03-07T22:47:40.429] [DEBUG] cheese - null
[2020-03-08T10:47:07.506] [DEBUG] cheese - login => username:admin,password:123456
[2020-03-08T10:47:07.509] [DEBUG] cheese - admin
[2020-03-08T10:47:07.531] [DEBUG] cheese - null
[2020-03-08T10:47:07.531] [DEBUG] cheese - null
[2020-03-08T10:58:34.705] [DEBUG] cheese - login => username:admin,password:123456
[2020-03-08T10:58:34.706] [DEBUG] cheese - admin
[2020-03-08T10:58:34.718] [DEBUG] cheese - null
[2020-03-08T10:58:34.718] [DEBUG] cheese - null
[2020-03-08T11:11:59.073] [DEBUG] cheese - login => username:admin,password:123456
[2020-03-08T11:11:59.074] [DEBUG] cheese - admin
[2020-03-08T11:11:59.083] [DEBUG] cheese - null
[2020-03-08T11:11:59.083] [DEBUG] cheese - null
[2020-03-08T11:12:34.710] [DEBUG] cheese - login => username:admin,password:123456
[2020-03-08T11:12:34.710] [DEBUG] cheese - admin
[2020-03-08T11:12:34.714] [DEBUG] cheese - null
[2020-03-08T11:12:34.714] [DEBUG] cheese - null
[2020-03-08T11:12:55.973] [DEBUG] cheese - login => username:admin,password:123456
[2020-03-08T11:12:55.974] [DEBUG] cheese - admin
[2020-03-08T11:12:55.978] [DEBUG] cheese - null
[2020-03-08T11:12:55.978] [DEBUG] cheese - null
[2020-03-08T11:13:08.364] [DEBUG] cheese - login => username:admin,password:123456
[2020-03-08T11:13:08.364] [DEBUG] cheese - admin
[2020-03-08T11:13:08.373] [DEBUG] cheese - null
[2020-03-08T11:13:08.373] [DEBUG] cheese - null
[2020-03-08T11:23:44.815] [DEBUG] cheese - login => username:admin,password:123456
[2020-03-08T11:23:44.816] [DEBUG] cheese - admin
[2020-03-08T11:23:44.821] [DEBUG] cheese - null
[2020-03-08T11:23:44.821] [DEBUG] cheese - null
[2020-03-08T11:25:18.960] [DEBUG] cheese - login => username:admin,password:123456
[2020-03-08T11:25:18.960] [DEBUG] cheese - admin
[2020-03-08T11:25:18.966] [DEBUG] cheese - null
[2020-03-08T11:25:18.966] [DEBUG] cheese - null
[2020-03-08T11:26:27.017] [DEBUG] cheese - login => username:admin,password:123456
[2020-03-08T11:26:27.017] [DEBUG] cheese - admin
[2020-03-08T11:26:27.022] [DEBUG] cheese - null
[2020-03-08T11:26:27.022] [DEBUG] cheese - null
[2020-03-08T11:28:00.857] [DEBUG] cheese - login => username:admin,password:123456
[2020-03-08T11:28:00.857] [DEBUG] cheese - admin
[2020-03-08T11:28:00.861] [DEBUG] cheese - null
[2020-03-08T11:28:00.862] [DEBUG] cheese - null
[2020-03-08T11:28:59.310] [DEBUG] cheese - login => username:admin,password:123456
[2020-03-08T11:28:59.310] [DEBUG] cheese - admin
[2020-03-08T11:28:59.314] [DEBUG] cheese - null
[2020-03-08T11:28:59.314] [DEBUG] cheese - null
[2020-03-08T11:31:59.357] [DEBUG] cheese - login => username:admin,password:123456
[2020-03-08T11:31:59.357] [DEBUG] cheese - admin
[2020-03-08T11:31:59.362] [DEBUG] cheese - null
[2020-03-08T11:31:59.362] [DEBUG] cheese - null
[2020-03-08T11:33:32.462] [DEBUG] cheese - login => username:admin,password:123456
[2020-03-08T11:33:32.463] [DEBUG] cheese - admin
[2020-03-08T11:33:32.467] [DEBUG] cheese - null
[2020-03-08T11:33:32.468] [DEBUG] cheese - null
[2020-03-08T11:34:03.746] [DEBUG] cheese - login => username:admin,password:123456
[2020-03-08T11:34:03.746] [DEBUG] cheese - admin
[2020-03-08T11:34:03.752] [DEBUG] cheese - null
[2020-03-08T11:34:03.752] [DEBUG] cheese - null
[2020-03-08T11:34:34.571] [DEBUG] cheese - login => username:admin,password:123456
[2020-03-08T11:34:34.571] [DEBUG] cheese - admin
[2020-03-08T11:34:34.579] [DEBUG] cheese - null
[2020-03-08T11:34:34.579] [DEBUG] cheese - null
[2020-03-08T11:34:37.248] [DEBUG] cheese - login => username:admin,password:123456
[2020-03-08T11:34:37.248] [DEBUG] cheese - admin
[2020-03-08T11:34:37.253] [DEBUG] cheese - null
[2020-03-08T11:34:37.254] [DEBUG] cheese - null
[2020-03-08T11:34:58.290] [DEBUG] cheese - login => username:admin,password:123456
[2020-03-08T11:34:58.290] [DEBUG] cheese - admin
[2020-03-08T11:34:58.295] [DEBUG] cheese - null
[2020-03-08T11:34:58.295] [DEBUG] cheese - null
[2020-03-08T11:37:17.735] [DEBUG] cheese - login => username:admin,password:123456
[2020-03-08T11:37:17.735] [DEBUG] cheese - admin
[2020-03-08T11:37:17.740] [DEBUG] cheese - null
[2020-03-08T11:37:17.740] [DEBUG] cheese - null
[2020-03-08T11:37:33.021] [DEBUG] cheese - login => username:admin,password:123456
[2020-03-08T11:37:33.021] [DEBUG] cheese - admin
[2020-03-08T11:37:33.025] [DEBUG] cheese - null
[2020-03-08T11:37:33.026] [DEBUG] cheese - null
[2020-03-08T11:38:06.372] [DEBUG] cheese - login => username:admin,password:123456
[2020-03-08T11:38:06.372] [DEBUG] cheese - admin
[2020-03-08T11:38:06.377] [DEBUG] cheese - null
[2020-03-08T11:38:06.377] [DEBUG] cheese - null
[2020-03-08T11:42:40.995] [DEBUG] cheese - login => username:admin,password:123456
[2020-03-08T11:42:40.995] [DEBUG] cheese - admin
[2020-03-08T11:42:40.999] [DEBUG] cheese - null
[2020-03-08T11:42:41.000] [DEBUG] cheese - null
[2020-03-08T12:08:16.599] [DEBUG] cheese - login => username:admin,password:123456
[2020-03-08T12:08:16.600] [DEBUG] cheese - admin
[2020-03-08T12:08:16.609] [DEBUG] cheese - null
[2020-03-08T12:08:16.609] [DEBUG] cheese - null
[2020-03-08T13:32:51.245] [DEBUG] cheese - login => username:admin,password:123456
[2020-03-08T13:32:51.245] [DEBUG] cheese - admin
[2020-03-08T13:32:51.250] [DEBUG] cheese - null
[2020-03-08T13:32:51.250] [DEBUG] cheese - null
[2020-03-08T13:33:53.447] [DEBUG] cheese - login => username:admin,password:123456
[2020-03-08T13:33:53.448] [DEBUG] cheese - admin
[2020-03-08T13:33:53.451] [DEBUG] cheese - null
[2020-03-08T13:33:53.451] [DEBUG] cheese - null
[2020-03-08T13:34:13.382] [DEBUG] cheese - login => username:admin,password:123456
[2020-03-08T13:34:13.382] [DEBUG] cheese - admin
[2020-03-08T13:34:13.388] [DEBUG] cheese - null
[2020-03-08T13:34:13.388] [DEBUG] cheese - null
[2020-03-08T13:36:50.190] [DEBUG] cheese - login => username:admin,password:123456
[2020-03-08T13:36:50.190] [DEBUG] cheese - admin
[2020-03-08T13:36:50.194] [DEBUG] cheese - null
[2020-03-08T13:36:50.194] [DEBUG] cheese - null
[2020-03-08T13:37:25.984] [DEBUG] cheese - login => username:admin,password:123456
[2020-03-08T13:37:25.984] [DEBUG] cheese - admin
[2020-03-08T13:37:25.989] [DEBUG] cheese - null
[2020-03-08T13:37:25.989] [DEBUG] cheese - null
[2020-03-08T13:37:40.493] [DEBUG] cheese - login => username:admin,password:123456
[2020-03-08T13:37:40.493] [DEBUG] cheese - admin
[2020-03-08T13:37:40.497] [DEBUG] cheese - null
[2020-03-08T13:37:40.497] [DEBUG] cheese - null
[2020-03-08T13:37:58.335] [DEBUG] cheese - login => username:admin,password:123456
[2020-03-08T13:37:58.335] [DEBUG] cheese - admin
[2020-03-08T13:37:58.339] [DEBUG] cheese - null
[2020-03-08T13:37:58.339] [DEBUG] cheese - null
[2020-03-08T13:38:12.637] [DEBUG] cheese - login => username:admin,password:123456
[2020-03-08T13:38:12.637] [DEBUG] cheese - admin
[2020-03-08T13:38:12.641] [DEBUG] cheese - null
[2020-03-08T13:38:12.641] [DEBUG] cheese - null
[2020-03-08T13:40:25.638] [DEBUG] cheese - login => username:admin,password:123456
[2020-03-08T13:40:25.638] [DEBUG] cheese - admin
[2020-03-08T13:40:25.644] [DEBUG] cheese - null
[2020-03-08T13:40:25.645] [DEBUG] cheese - null
[2020-03-08T14:07:55.156] [DEBUG] cheese - login => username:admin,password:123456
[2020-03-08T14:07:55.158] [DEBUG] cheese - admin
[2020-03-08T14:07:55.173] [DEBUG] cheese - null
[2020-03-08T14:07:55.174] [DEBUG] cheese - null
[2020-03-08T14:07:55.392] [DEBUG] cheese - login => username:'admin',password:'123456'
[2020-03-08T14:07:55.392] [DEBUG] cheese - 'admin'
[2020-03-08T14:07:55.402] [DEBUG] cheese - null
[2020-03-08T14:07:55.402] [DEBUG] cheese - null
[2020-03-08T14:08:12.551] [DEBUG] cheese - login => username:admin,password:'123456'
[2020-03-08T14:08:12.551] [DEBUG] cheese - admin
[2020-03-08T14:08:12.555] [DEBUG] cheese - null
[2020-03-08T14:08:12.555] [DEBUG] cheese - null
[2020-03-08T14:08:13.292] [DEBUG] cheese - login => username:admin,password:123456'
[2020-03-08T14:08:13.292] [DEBUG] cheese - admin
[2020-03-08T14:08:13.295] [DEBUG] cheese - null
[2020-03-08T14:08:13.295] [DEBUG] cheese - null
[2020-03-08T14:08:14.476] [DEBUG] cheese - login => username:admin,password:123456
[2020-03-08T14:08:14.476] [DEBUG] cheese - admin
[2020-03-08T14:08:14.480] [DEBUG] cheese - null
[2020-03-08T14:08:14.480] [DEBUG] cheese - null
[2020-03-08T14:08:18.740] [DEBUG] cheese - login => username:admin,password:123456
[2020-03-08T14:08:18.740] [DEBUG] cheese - admin
[2020-03-08T14:08:18.744] [DEBUG] cheese - null
[2020-03-08T14:08:18.744] [DEBUG] cheese - null
[2020-03-08T14:08:18.973] [DEBUG] cheese - login => username:admin,password:123456
[2020-03-08T14:08:18.973] [DEBUG] cheese - admin
[2020-03-08T14:08:18.995] [DEBUG] cheese - null
[2020-03-08T14:08:18.995] [DEBUG] cheese - null
[2020-03-08T14:08:31.204] [DEBUG] cheese - login => username:admin,password:123456
[2020-03-08T14:08:31.204] [DEBUG] cheese - admin
[2020-03-08T14:08:31.207] [DEBUG] cheese - null
[2020-03-08T14:08:31.208] [DEBUG] cheese - null
[2020-03-08T14:08:36.251] [DEBUG] cheese - login => username:admin,password:123456
[2020-03-08T14:08:36.251] [DEBUG] cheese - admin
[2020-03-08T14:08:36.256] [DEBUG] cheese - null
[2020-03-08T14:08:36.256] [DEBUG] cheese - null
[2020-03-08T14:08:36.440] [DEBUG] cheese - login => username:admin,password:123456
[2020-03-08T14:08:36.440] [DEBUG] cheese - admin
[2020-03-08T14:08:36.446] [DEBUG] cheese - null
[2020-03-08T14:08:36.447] [DEBUG] cheese - null
[2020-03-08T14:08:49.905] [DEBUG] cheese - login => username:admin,password:123456
[2020-03-08T14:08:49.905] [DEBUG] cheese - admin
[2020-03-08T14:08:49.909] [DEBUG] cheese - null
[2020-03-08T14:08:49.909] [DEBUG] cheese - null
[2020-03-08T14:08:52.476] [DEBUG] cheese - login => username:admin,password:123456
[2020-03-08T14:08:52.477] [DEBUG] cheese - admin
[2020-03-08T14:08:52.481] [DEBUG] cheese - null
[2020-03-08T14:08:52.481] [DEBUG] cheese - null
[2020-03-08T14:08:52.658] [DEBUG] cheese - login => username:admin,password:123456
[2020-03-08T14:08:52.658] [DEBUG] cheese - admin
[2020-03-08T14:08:52.667] [DEBUG] cheese - null
[2020-03-08T14:08:52.667] [DEBUG] cheese - null
[2020-03-08T14:09:50.496] [DEBUG] cheese - login => username:admin,password:123456
[2020-03-08T14:09:50.497] [DEBUG] cheese - admin
[2020-03-08T14:09:50.522] [DEBUG] cheese - { inspect: [Function: inspect] }
[2020-03-08T14:09:50.526] [DEBUG] cheese - 查询失败
[2020-03-08T14:09:53.223] [DEBUG] cheese - login => username:admin,password:123456
[2020-03-08T14:09:53.224] [DEBUG] cheese - admin
[2020-03-08T14:09:53.227] [DEBUG] cheese - { inspect: [Function: inspect] }
[2020-03-08T14:09:53.227] [DEBUG] cheese - 查询失败
[2020-03-08T14:10:00.552] [DEBUG] cheese - login => username:admin,password:123456
[2020-03-08T14:10:00.552] [DEBUG] cheese - admin
[2020-03-08T14:10:00.555] [DEBUG] cheese - { inspect: [Function: inspect] }
[2020-03-08T14:10:00.555] [DEBUG] cheese - 查询失败
[2020-03-08T14:18:30.257] [DEBUG] cheese - login => username:admin,password:123456
[2020-03-08T14:18:30.257] [DEBUG] cheese - admin
[2020-03-08T14:18:30.262] [DEBUG] cheese - null
[2020-03-08T14:18:30.262] [DEBUG] cheese - null
[2020-03-08T14:18:30.436] [DEBUG] cheese - login => username:admin,password:123456
[2020-03-08T14:18:30.436] [DEBUG] cheese - admin
[2020-03-08T14:18:30.444] [DEBUG] cheese - null
[2020-03-08T14:18:30.444] [DEBUG] cheese - null
[2020-03-08T14:28:05.029] [DEBUG] cheese - login => username:admin,password:123456
[2020-03-08T14:28:05.029] [DEBUG] cheese - admin
[2020-03-08T14:28:05.033] [DEBUG] cheese - null
[2020-03-08T14:28:05.033] [DEBUG] cheese - null
[2020-03-08T14:28:05.210] [DEBUG] cheese - login => username:admin,password:123456
[2020-03-08T14:28:05.210] [DEBUG] cheese - admin
[2020-03-08T14:28:05.216] [DEBUG] cheese - null
[2020-03-08T14:28:05.216] [DEBUG] cheese - null
[2020-03-08T14:50:29.174] [DEBUG] cheese - login => username:admin,password:123456
[2020-03-08T14:50:29.174] [DEBUG] cheese - admin
[2020-03-08T14:50:29.180] [DEBUG] cheese - null
[2020-03-08T14:50:29.181] [DEBUG] cheese - null
[2020-03-08T14:50:47.352] [DEBUG] cheese - login => username:admin,password:123456
[2020-03-08T14:50:47.352] [DEBUG] cheese - admin
[2020-03-08T14:50:47.356] [DEBUG] cheese - null
[2020-03-08T14:50:47.356] [DEBUG] cheese - null
[2020-03-08T14:51:13.091] [DEBUG] cheese - login => username:admin,password:123456
[2020-03-08T14:51:13.091] [DEBUG] cheese - admin
[2020-03-08T14:51:13.096] [DEBUG] cheese - null
[2020-03-08T14:51:13.096] [DEBUG] cheese - null
[2020-03-08T14:51:30.698] [DEBUG] cheese - login => username:admin,password:123456
[2020-03-08T14:51:30.699] [DEBUG] cheese - admin
[2020-03-08T14:51:30.703] [DEBUG] cheese - null
[2020-03-08T14:51:30.703] [DEBUG] cheese - null
[2020-03-08T14:51:33.792] [DEBUG] cheese - login => username:admin,password:123456
[2020-03-08T14:51:33.792] [DEBUG] cheese - admin
[2020-03-08T14:51:33.796] [DEBUG] cheese - null
[2020-03-08T14:51:33.797] [DEBUG] cheese - null
[2020-03-08T14:51:33.960] [DEBUG] cheese - login => username:admin,password:123456
[2020-03-08T14:51:33.960] [DEBUG] cheese - admin
[2020-03-08T14:51:33.967] [DEBUG] cheese - null
[2020-03-08T14:51:33.967] [DEBUG] cheese - null
[2020-03-08T14:52:16.544] [DEBUG] cheese - login => username:admin,password:123456
[2020-03-08T14:52:16.544] [DEBUG] cheese - admin
[2020-03-08T14:52:16.548] [DEBUG] cheese - null
[2020-03-08T14:52:16.548] [DEBUG] cheese - null
[2020-03-08T14:53:54.977] [DEBUG] cheese - login => username:admin,password:123456
[2020-03-08T14:53:54.977] [DEBUG] cheese - admin
[2020-03-08T14:53:54.981] [DEBUG] cheese - null
[2020-03-08T14:53:54.981] [DEBUG] cheese - null
[2020-03-08T14:57:43.177] [DEBUG] cheese - login => username:admin,password:123456
[2020-03-08T14:57:43.178] [DEBUG] cheese - admin
[2020-03-08T14:57:43.182] [DEBUG] cheese - null
[2020-03-08T14:57:43.182] [DEBUG] cheese - null
[2020-03-08T15:05:36.036] [DEBUG] cheese - login => username:admin,password:123456
[2020-03-08T15:05:36.037] [DEBUG] cheese - admin
[2020-03-08T15:05:36.040] [DEBUG] cheese - null
[2020-03-08T15:05:36.040] [DEBUG] cheese - null
[2020-03-08T15:06:15.391] [DEBUG] cheese - login => username:admin,password:123456
[2020-03-08T15:06:15.391] [DEBUG] cheese - admin
[2020-03-08T15:06:15.395] [DEBUG] cheese - null
[2020-03-08T15:06:15.395] [DEBUG] cheese - null
[2020-03-08T15:07:12.073] [DEBUG] cheese - login => username:admin,password:123456
[2020-03-08T15:07:12.073] [DEBUG] cheese - admin
[2020-03-08T15:07:12.077] [DEBUG] cheese - null
[2020-03-08T15:07:12.077] [DEBUG] cheese - null
[2020-03-08T15:08:07.672] [DEBUG] cheese - login => username:admin,password:123456
[2020-03-08T15:08:07.672] [DEBUG] cheese - admin
[2020-03-08T15:08:07.675] [DEBUG] cheese - null
[2020-03-08T15:08:07.675] [DEBUG] cheese - null
[2020-03-08T15:08:34.969] [DEBUG] cheese - login => username:admin,password:123456
[2020-03-08T15:08:34.969] [DEBUG] cheese - admin
[2020-03-08T15:08:34.973] [DEBUG] cheese - null
[2020-03-08T15:08:34.974] [DEBUG] cheese - null
[2020-03-08T15:09:22.960] [DEBUG] cheese - login => username:admin,password:123456
[2020-03-08T15:09:22.960] [DEBUG] cheese - admin
[2020-03-08T15:09:22.964] [DEBUG] cheese - null
[2020-03-08T15:09:22.965] [DEBUG] cheese - null
[2020-03-08T15:10:49.232] [DEBUG] cheese - login => username:admin,password:123456
[2020-03-08T15:10:49.233] [DEBUG] cheese - admin
[2020-03-08T15:10:49.237] [DEBUG] cheese - null
[2020-03-08T15:10:49.237] [DEBUG] cheese - null
[2020-03-08T15:11:18.170] [DEBUG] cheese - login => username:admin,password:123456
[2020-03-08T15:11:18.170] [DEBUG] cheese - admin
[2020-03-08T15:11:18.174] [DEBUG] cheese - null
[2020-03-08T15:11:18.174] [DEBUG] cheese - null
[2020-03-08T15:11:31.690] [DEBUG] cheese - login => username:admin,password:123456
[2020-03-08T15:11:31.690] [DEBUG] cheese - admin
[2020-03-08T15:11:31.694] [DEBUG] cheese - null
[2020-03-08T15:11:31.695] [DEBUG] cheese - null
[2020-03-08T15:11:59.150] [DEBUG] cheese - login => username:admin,password:123456
[2020-03-08T15:11:59.150] [DEBUG] cheese - admin
[2020-03-08T15:11:59.154] [DEBUG] cheese - null
[2020-03-08T15:11:59.154] [DEBUG] cheese - null
[2020-03-08T15:13:09.303] [DEBUG] cheese - login => username:admin,password:123456
[2020-03-08T15:13:09.303] [DEBUG] cheese - admin
[2020-03-08T15:13:09.306] [DEBUG] cheese - null
[2020-03-08T15:13:09.306] [DEBUG] cheese - null
[2020-03-08T15:14:45.910] [DEBUG] cheese - login => username:admin,password:123456
[2020-03-08T15:14:45.910] [DEBUG] cheese - admin
[2020-03-08T15:14:45.915] [DEBUG] cheese - null
[2020-03-08T15:14:45.915] [DEBUG] cheese - null
[2020-03-08T15:15:45.019] [DEBUG] cheese - login => username:admin,password:123456
[2020-03-08T15:15:45.019] [DEBUG] cheese - admin
[2020-03-08T15:15:45.023] [DEBUG] cheese - null
[2020-03-08T15:15:45.023] [DEBUG] cheese - null
[2020-03-08T15:20:24.150] [DEBUG] cheese - login => username:admin,password:123456
[2020-03-08T15:20:24.151] [DEBUG] cheese - admin
[2020-03-08T15:20:24.154] [DEBUG] cheese - null
[2020-03-08T15:20:24.155] [DEBUG] cheese - null
[2020-03-08T15:23:09.225] [DEBUG] cheese - login => username:admin,password:123456
[2020-03-08T15:23:09.225] [DEBUG] cheese - admin
[2020-03-08T15:23:09.230] [DEBUG] cheese - null
[2020-03-08T15:23:09.230] [DEBUG] cheese - null
[2020-03-08T15:23:58.194] [DEBUG] cheese - login => username:admin,password:123456
[2020-03-08T15:23:58.195] [DEBUG] cheese - admin
[2020-03-08T15:23:58.199] [DEBUG] cheese - null
[2020-03-08T15:23:58.200] [DEBUG] cheese - null
[2020-03-08T15:26:10.209] [DEBUG] cheese - login => username:admin,password:123456
[2020-03-08T15:26:10.211] [DEBUG] cheese - admin
[2020-03-08T15:26:10.216] [DEBUG] cheese - null
[2020-03-08T15:26:10.217] [DEBUG] cheese - null
[2020-03-08T16:21:55.939] [DEBUG] cheese - login => username:admin,password:123456
[2020-03-08T16:21:55.940] [DEBUG] cheese - admin
[2020-03-08T16:21:55.944] [DEBUG] cheese - null
[2020-03-08T16:21:55.944] [DEBUG] cheese - null
[2020-03-08T16:26:56.473] [DEBUG] cheese - login => username:admin,password:123456
[2020-03-08T16:26:56.473] [DEBUG] cheese - admin
[2020-03-08T16:26:56.478] [DEBUG] cheese - null
[2020-03-08T16:26:56.478] [DEBUG] cheese - null
[2020-03-08T16:27:03.365] [DEBUG] cheese - login => username:admin,password:123456
[2020-03-08T16:27:03.365] [DEBUG] cheese - admin
[2020-03-08T16:27:03.370] [DEBUG] cheese - null
[2020-03-08T16:27:03.370] [DEBUG] cheese - null
[2020-03-08T16:35:22.291] [DEBUG] cheese - login => username:admin,password:123456
[2020-03-08T16:35:22.291] [DEBUG] cheese - admin
[2020-03-08T16:35:22.294] [DEBUG] cheese - null
[2020-03-08T16:35:22.294] [DEBUG] cheese - null
[2020-03-08T17:06:50.454] [DEBUG] cheese - login => username:admin,password:123456
[2020-03-08T17:06:50.455] [DEBUG] cheese - admin
[2020-03-08T17:06:50.460] [DEBUG] cheese - null
[2020-03-08T17:06:50.460] [DEBUG] cheese - null
[2020-03-08T19:53:17.882] [DEBUG] cheese - login => username:admin,password:123456
[2020-03-08T19:53:17.882] [DEBUG] cheese - admin
[2020-03-08T19:53:17.887] [DEBUG] cheese - null
[2020-03-08T19:53:17.887] [DEBUG] cheese - null
[2020-03-08T19:53:37.586] [DEBUG] cheese - login => username:admin,password:123456
[2020-03-08T19:53:37.586] [DEBUG] cheese - admin
[2020-03-08T19:53:37.590] [DEBUG] cheese - null
[2020-03-08T19:53:37.591] [DEBUG] cheese - null
[2020-03-08T19:56:31.190] [DEBUG] cheese - login => username:admin,password:123456
[2020-03-08T19:56:31.190] [DEBUG] cheese - admin
[2020-03-08T19:56:31.194] [DEBUG] cheese - null
[2020-03-08T19:56:31.194] [DEBUG] cheese - null
[2020-03-08T19:56:38.613] [DEBUG] cheese - login => username:admin,password:123456
[2020-03-08T19:56:38.614] [DEBUG] cheese - admin
[2020-03-08T19:56:38.617] [DEBUG] cheese - null
[2020-03-08T19:56:38.617] [DEBUG] cheese - null
[2020-03-08T19:57:17.214] [DEBUG] cheese - login => username:admin,password:123456
[2020-03-08T19:57:17.214] [DEBUG] cheese - admin
[2020-03-08T19:57:17.218] [DEBUG] cheese - null
[2020-03-08T19:57:17.218] [DEBUG] cheese - null
[2020-03-08T19:58:03.078] [DEBUG] cheese - login => username:admin,password:123456
[2020-03-08T19:58:03.078] [DEBUG] cheese - admin
[2020-03-08T19:58:03.081] [DEBUG] cheese - null
[2020-03-08T19:58:03.082] [DEBUG] cheese - null
[2020-03-08T19:58:18.548] [DEBUG] cheese - login => username:admin,password:123456
[2020-03-08T19:58:18.549] [DEBUG] cheese - admin
[2020-03-08T19:58:18.552] [DEBUG] cheese - null
[2020-03-08T19:58:18.552] [DEBUG] cheese - null
[2020-03-08T19:58:33.032] [DEBUG] cheese - login => username:admin,password:123456
[2020-03-08T19:58:33.032] [DEBUG] cheese - admin
[2020-03-08T19:58:33.037] [DEBUG] cheese - null
[2020-03-08T19:58:33.037] [DEBUG] cheese - null
[2020-03-08T19:59:33.922] [DEBUG] cheese - login => username:admin,password:123456
[2020-03-08T19:59:33.922] [DEBUG] cheese - admin
[2020-03-08T19:59:33.926] [DEBUG] cheese - null
[2020-03-08T19:59:33.926] [DEBUG] cheese - null
[2020-03-08T20:00:58.849] [DEBUG] cheese - login => username:admin,password:123456
[2020-03-08T20:00:58.849] [DEBUG] cheese - admin
[2020-03-08T20:00:58.854] [DEBUG] cheese - null
[2020-03-08T20:00:58.854] [DEBUG] cheese - null
[2020-03-08T20:01:04.181] [DEBUG] cheese - login => username:admin,password:123456
[2020-03-08T20:01:04.181] [DEBUG] cheese - admin
[2020-03-08T20:01:04.186] [DEBUG] cheese - null
[2020-03-08T20:01:04.186] [DEBUG] cheese - null
[2020-03-08T20:16:33.070] [DEBUG] cheese - login => username:admin,password:123456
[2020-03-08T20:16:33.070] [DEBUG] cheese - admin
[2020-03-08T20:16:33.074] [DEBUG] cheese - null
[2020-03-08T20:16:33.074] [DEBUG] cheese - null
[2020-03-08T20:16:47.302] [DEBUG] cheese - login => username:admin,password:123456
[2020-03-08T20:16:47.302] [DEBUG] cheese - admin
[2020-03-08T20:16:47.305] [DEBUG] cheese - null
[2020-03-08T20:16:47.305] [DEBUG] cheese - null
[2020-03-08T20:17:31.821] [DEBUG] cheese - login => username:admin,password:123456
[2020-03-08T20:17:31.821] [DEBUG] cheese - admin
[2020-03-08T20:17:31.824] [DEBUG] cheese - null
[2020-03-08T20:17:31.825] [DEBUG] cheese - null
[2020-03-08T20:18:23.822] [DEBUG] cheese - login => username:admin,password:123456
[2020-03-08T20:18:23.823] [DEBUG] cheese - admin
[2020-03-08T20:18:23.827] [DEBUG] cheese - null
[2020-03-08T20:18:23.828] [DEBUG] cheese - null
[2020-03-08T20:20:27.563] [DEBUG] cheese - login => username:admin,password:123456
[2020-03-08T20:20:27.563] [DEBUG] cheese - admin
[2020-03-08T20:20:27.566] [DEBUG] cheese - null
[2020-03-08T20:20:27.566] [DEBUG] cheese - null
[2020-03-08T20:23:11.924] [DEBUG] cheese - login => username:admin,password:123456
[2020-03-08T20:23:11.924] [DEBUG] cheese - admin
[2020-03-08T20:23:11.927] [DEBUG] cheese - null
[2020-03-08T20:23:11.927] [DEBUG] cheese - null
[2020-03-08T20:32:45.722] [DEBUG] cheese - login => username:admin,password:123456
[2020-03-08T20:32:45.722] [DEBUG] cheese - admin
[2020-03-08T20:32:45.725] [DEBUG] cheese - null
[2020-03-08T20:32:45.725] [DEBUG] cheese - null
[2020-03-08T20:33:42.771] [DEBUG] cheese - login => username:admin,password:123456
[2020-03-08T20:33:42.771] [DEBUG] cheese - admin
[2020-03-08T20:33:42.774] [DEBUG] cheese - null
[2020-03-08T20:33:42.774] [DEBUG] cheese - null
[2020-03-08T20:34:13.620] [DEBUG] cheese - login => username:admin,password:123456
[2020-03-08T20:34:13.620] [DEBUG] cheese - admin
[2020-03-08T20:34:13.623] [DEBUG] cheese - null
[2020-03-08T20:34:13.623] [DEBUG] cheese - null
[2020-03-08T20:35:08.259] [DEBUG] cheese - login => username:admin,password:123456
[2020-03-08T20:35:08.259] [DEBUG] cheese - admin
[2020-03-08T20:35:08.262] [DEBUG] cheese - null
[2020-03-08T20:35:08.263] [DEBUG] cheese - null
[2020-03-08T20:37:49.410] [DEBUG] cheese - login => username:admin,password:123456
[2020-03-08T20:37:49.410] [DEBUG] cheese - admin
[2020-03-08T20:37:49.413] [DEBUG] cheese - null
[2020-03-08T20:37:49.413] [DEBUG] cheese - null
[2020-03-08T20:41:22.012] [DEBUG] cheese - login => username:admin,password:123456
[2020-03-08T20:41:22.012] [DEBUG] cheese - admin
[2020-03-08T20:41:22.016] [DEBUG] cheese - null
[2020-03-08T20:41:22.016] [DEBUG] cheese - null
[2020-03-08T20:47:46.994] [DEBUG] cheese - login => username:admin,password:123456
[2020-03-08T20:47:46.994] [DEBUG] cheese - admin
[2020-03-08T20:47:46.998] [DEBUG] cheese - null
[2020-03-08T20:47:46.998] [DEBUG] cheese - null
[2020-03-08T20:48:40.746] [DEBUG] cheese - login => username:admin,password:123456
[2020-03-08T20:48:40.746] [DEBUG] cheese - admin
[2020-03-08T20:48:40.751] [DEBUG] cheese - null
[2020-03-08T20:48:40.751] [DEBUG] cheese - null
[2020-03-08T20:49:37.323] [DEBUG] cheese - login => username:admin,password:123456
[2020-03-08T20:49:37.323] [DEBUG] cheese - admin
[2020-03-08T20:49:37.327] [DEBUG] cheese - null
[2020-03-08T20:49:37.327] [DEBUG] cheese - null
[2020-03-08T21:01:33.331] [DEBUG] cheese - login => username:admin,password:123456
[2020-03-08T21:01:33.331] [DEBUG] cheese - admin
[2020-03-08T21:01:33.334] [DEBUG] cheese - null
[2020-03-08T21:01:33.334] [DEBUG] cheese - null
[2020-03-08T21:02:00.992] [DEBUG] cheese - login => username:admin,password:123456
[2020-03-08T21:02:00.993] [DEBUG] cheese - admin
[2020-03-08T21:02:00.997] [DEBUG] cheese - null
[2020-03-08T21:02:00.997] [DEBUG] cheese - null
[2020-03-08T21:03:54.633] [DEBUG] cheese - login => username:admin,password:123456
[2020-03-08T21:03:54.633] [DEBUG] cheese - admin
[2020-03-08T21:03:54.639] [DEBUG] cheese - null
[2020-03-08T21:03:54.639] [DEBUG] cheese - null
[2020-03-08T21:04:40.226] [DEBUG] cheese - login => username:admin,password:123456
[2020-03-08T21:04:40.226] [DEBUG] cheese - admin
[2020-03-08T21:04:40.230] [DEBUG] cheese - null
[2020-03-08T21:04:40.230] [DEBUG] cheese - null
[2020-03-08T21:05:41.562] [DEBUG] cheese - login => username:admin,password:123456
[2020-03-08T21:05:41.562] [DEBUG] cheese - admin
[2020-03-08T21:05:41.566] [DEBUG] cheese - null
[2020-03-08T21:05:41.566] [DEBUG] cheese - null
[2020-03-08T21:06:07.400] [DEBUG] cheese - login => username:admin,password:123456
[2020-03-08T21:06:07.401] [DEBUG] cheese - admin
[2020-03-08T21:06:07.404] [DEBUG] cheese - null
[2020-03-08T21:06:07.404] [DEBUG] cheese - null
[2020-03-08T21:12:05.393] [DEBUG] cheese - login => username:admin,password:123456
[2020-03-08T21:12:05.393] [DEBUG] cheese - admin
[2020-03-08T21:12:05.397] [DEBUG] cheese - null
[2020-03-08T21:12:05.397] [DEBUG] cheese - null
[2020-03-08T21:49:17.008] [DEBUG] cheese - login => username:admin,password:123456
[2020-03-08T21:49:17.008] [DEBUG] cheese - admin
[2020-03-08T21:49:17.012] [DEBUG] cheese - null
[2020-03-08T21:49:17.012] [DEBUG] cheese - null
[2020-03-08T21:49:50.621] [DEBUG] cheese - login => username:admin,password:123456
[2020-03-08T21:49:50.621] [DEBUG] cheese - admin
[2020-03-08T21:49:50.625] [DEBUG] cheese - null
[2020-03-08T21:49:50.625] [DEBUG] cheese - null
[2020-03-08T21:52:52.253] [DEBUG] cheese - login => username:admin,password:123456
[2020-03-08T21:52:52.253] [DEBUG] cheese - admin
[2020-03-08T21:52:52.258] [DEBUG] cheese - null
[2020-03-08T21:52:52.258] [DEBUG] cheese - null
[2020-03-08T21:53:49.358] [DEBUG] cheese - login => username:admin,password:123456
[2020-03-08T21:53:49.359] [DEBUG] cheese - admin
[2020-03-08T21:53:49.362] [DEBUG] cheese - null
[2020-03-08T21:53:49.362] [DEBUG] cheese - null
[2020-03-08T21:54:09.822] [DEBUG] cheese - login => username:admin,password:123456
[2020-03-08T21:54:09.822] [DEBUG] cheese - admin
[2020-03-08T21:54:09.826] [DEBUG] cheese - null
[2020-03-08T21:54:09.826] [DEBUG] cheese - null
[2020-03-08T22:20:06.127] [DEBUG] cheese - login => username:admin,password:123456
[2020-03-08T22:20:06.127] [DEBUG] cheese - admin
[2020-03-08T22:20:06.131] [DEBUG] cheese - null
[2020-03-08T22:20:06.131] [DEBUG] cheese - null
[2020-03-08T22:21:49.381] [DEBUG] cheese - login => username:admin,password:123456
[2020-03-08T22:21:49.381] [DEBUG] cheese - admin
[2020-03-08T22:21:49.384] [DEBUG] cheese - null
[2020-03-08T22:21:49.384] [DEBUG] cheese - null
[2020-03-08T22:22:02.421] [DEBUG] cheese - login => username:admin,password:123456
[2020-03-08T22:22:02.422] [DEBUG] cheese - admin
[2020-03-08T22:22:02.426] [DEBUG] cheese - null
[2020-03-08T22:22:02.427] [DEBUG] cheese - null
[2020-03-08T22:24:24.572] [DEBUG] cheese - login => username:admin,password:123456
[2020-03-08T22:24:24.572] [DEBUG] cheese - admin
[2020-03-08T22:24:24.576] [DEBUG] cheese - null
[2020-03-08T22:24:24.576] [DEBUG] cheese - null
[2020-03-08T22:29:40.461] [DEBUG] cheese - login => username:admin,password:123456
[2020-03-08T22:29:40.461] [DEBUG] cheese - admin
[2020-03-08T22:29:40.465] [DEBUG] cheese - null
[2020-03-08T22:29:40.465] [DEBUG] cheese - null
[2020-03-08T22:30:26.790] [DEBUG] cheese - login => username:admin,password:123456
[2020-03-08T22:30:26.790] [DEBUG] cheese - admin
[2020-03-08T22:30:26.794] [DEBUG] cheese - null
[2020-03-08T22:30:26.795] [DEBUG] cheese - null
[2020-03-08T22:30:45.844] [DEBUG] cheese - login => username:admin,password:123456
[2020-03-08T22:30:45.844] [DEBUG] cheese - admin
[2020-03-08T22:30:45.847] [DEBUG] cheese - null
[2020-03-08T22:30:45.847] [DEBUG] cheese - null
[2020-03-08T22:37:44.092] [DEBUG] cheese - login => username:admin,password:123456
[2020-03-08T22:37:44.092] [DEBUG] cheese - admin
[2020-03-08T22:37:44.096] [DEBUG] cheese - null
[2020-03-08T22:37:44.096] [DEBUG] cheese - null
[2020-03-08T22:38:18.004] [DEBUG] cheese - login => username:admin,password:123456
[2020-03-08T22:38:18.004] [DEBUG] cheese - admin
[2020-03-08T22:38:18.007] [DEBUG] cheese - null
[2020-03-08T22:38:18.007] [DEBUG] cheese - null
[2020-03-08T22:42:00.309] [DEBUG] cheese - login => username:admin,password:123456
[2020-03-08T22:42:00.309] [DEBUG] cheese - admin
[2020-03-08T22:42:00.313] [DEBUG] cheese - null
[2020-03-08T22:42:00.313] [DEBUG] cheese - null
[2020-03-08T22:45:21.739] [DEBUG] cheese - login => username:admin,password:123456
[2020-03-08T22:45:21.740] [DEBUG] cheese - admin
[2020-03-08T22:45:21.743] [DEBUG] cheese - null
[2020-03-08T22:45:21.743] [DEBUG] cheese - null
[2020-03-08T22:46:05.813] [DEBUG] cheese - login => username:admin,password:123456
[2020-03-08T22:46:05.814] [DEBUG] cheese - admin
[2020-03-08T22:46:05.817] [DEBUG] cheese - null
[2020-03-08T22:46:05.817] [DEBUG] cheese - null
[2020-03-08T22:52:03.626] [DEBUG] cheese - login => username:admin,password:123456
[2020-03-08T22:52:03.626] [DEBUG] cheese - admin
[2020-03-08T22:52:03.630] [DEBUG] cheese - null
[2020-03-08T22:52:03.630] [DEBUG] cheese - null
[2020-03-08T23:03:43.723] [DEBUG] cheese - login => username:admin,password:123456
[2020-03-08T23:03:43.723] [DEBUG] cheese - admin
[2020-03-08T23:03:43.728] [DEBUG] cheese - null
[2020-03-08T23:03:43.728] [DEBUG] cheese - null
[2020-03-08T23:05:35.449] [DEBUG] cheese - login => username:admin,password:123456
[2020-03-08T23:05:35.450] [DEBUG] cheese - admin
[2020-03-08T23:05:35.454] [DEBUG] cheese - null
[2020-03-08T23:05:35.454] [DEBUG] cheese - null
[2020-03-09T11:40:45.385] [DEBUG] cheese - login => username:admin,password:123456
[2020-03-09T11:40:45.393] [DEBUG] cheese - admin
[2020-03-09T11:40:45.432] [DEBUG] cheese - null
[2020-03-09T11:40:45.432] [DEBUG] cheese - null
[2020-03-09T12:14:48.681] [DEBUG] cheese - login => username:admin,password:123456
[2020-03-09T12:14:48.681] [DEBUG] cheese - admin
[2020-03-09T12:14:48.686] [DEBUG] cheese - null
[2020-03-09T12:14:48.686] [DEBUG] cheese - null
[2020-03-09T12:16:23.212] [DEBUG] cheese - login => username:admin,password:123456
[2020-03-09T12:16:23.213] [DEBUG] cheese - admin
[2020-03-09T12:16:23.217] [DEBUG] cheese - null
[2020-03-09T12:16:23.217] [DEBUG] cheese - null
[2020-03-09T12:18:49.180] [DEBUG] cheese - login => username:admin,password:123456
[2020-03-09T12:18:49.180] [DEBUG] cheese - admin
[2020-03-09T12:18:49.184] [DEBUG] cheese - null
[2020-03-09T12:18:49.184] [DEBUG] cheese - null
[2020-03-09T12:21:11.815] [DEBUG] cheese - login => username:admin,password:123456
[2020-03-09T12:21:11.815] [DEBUG] cheese - admin
[2020-03-09T12:21:11.820] [DEBUG] cheese - null
[2020-03-09T12:21:11.820] [DEBUG] cheese - null
[2020-03-09T12:23:29.422] [DEBUG] cheese - login => username:admin,password:123456
[2020-03-09T12:23:29.422] [DEBUG] cheese - admin
[2020-03-09T12:23:29.428] [DEBUG] cheese - null
[2020-03-09T12:23:29.428] [DEBUG] cheese - null
[2020-03-09T13:46:07.400] [DEBUG] cheese - login => username:admin,password:123456
[2020-03-09T13:46:07.401] [DEBUG] cheese - admin
[2020-03-09T13:46:07.408] [DEBUG] cheese - null
[2020-03-09T13:46:07.409] [DEBUG] cheese - null
[2020-03-09T13:48:52.480] [DEBUG] cheese - login => username:admin,password:123456
[2020-03-09T13:48:52.480] [DEBUG] cheese - admin
[2020-03-09T13:48:52.484] [DEBUG] cheese - null
[2020-03-09T13:48:52.484] [DEBUG] cheese - null
[2020-03-09T13:50:38.806] [DEBUG] cheese - login => username:admin,password:123456
[2020-03-09T13:50:38.806] [DEBUG] cheese - admin
[2020-03-09T13:50:38.811] [DEBUG] cheese - null
[2020-03-09T13:50:38.811] [DEBUG] cheese - null
[2020-03-09T13:52:09.934] [DEBUG] cheese - login => username:admin,password:123456
[2020-03-09T13:52:09.934] [DEBUG] cheese - admin
[2020-03-09T13:52:09.938] [DEBUG] cheese - null
[2020-03-09T13:52:09.938] [DEBUG] cheese - null
[2020-03-09T13:56:09.189] [DEBUG] cheese - login => username:admin,password:123456
[2020-03-09T13:56:09.191] [DEBUG] cheese - admin
[2020-03-09T13:56:09.200] [DEBUG] cheese - null
[2020-03-09T13:56:09.201] [DEBUG] cheese - null
[2020-03-09T14:23:52.117] [DEBUG] cheese - login => username:admin,password:123456
[2020-03-09T14:23:52.118] [DEBUG] cheese - admin
[2020-03-09T14:23:52.124] [DEBUG] cheese - null
[2020-03-09T14:23:52.124] [DEBUG] cheese - null
[2020-03-09T14:30:14.684] [DEBUG] cheese - login => username:admin,password:123456
[2020-03-09T14:30:14.684] [DEBUG] cheese - admin
[2020-03-09T14:30:14.687] [DEBUG] cheese - null
[2020-03-09T14:30:14.687] [DEBUG] cheese - null
[2020-03-09T15:23:43.213] [DEBUG] cheese - login => username:admin,password:123456
[2020-03-09T15:23:43.213] [DEBUG] cheese - admin
[2020-03-09T15:23:43.218] [DEBUG] cheese - null
[2020-03-09T15:23:43.218] [DEBUG] cheese - null
[2020-03-09T15:46:38.214] [DEBUG] cheese - login => username:admin,password:123456
[2020-03-09T15:46:38.214] [DEBUG] cheese - admin
[2020-03-09T15:46:38.217] [DEBUG] cheese - null
[2020-03-09T15:46:38.217] [DEBUG] cheese - null
[2020-03-09T16:14:41.571] [DEBUG] cheese - login => username:admin,password:123456
[2020-03-09T16:14:41.572] [DEBUG] cheese - admin
[2020-03-09T16:14:41.577] [DEBUG] cheese - null
[2020-03-09T16:14:41.578] [DEBUG] cheese - null
[2020-03-09T16:17:49.192] [DEBUG] cheese - login => username:admin,password:123456
[2020-03-09T16:17:49.192] [DEBUG] cheese - admin
[2020-03-09T16:17:49.195] [DEBUG] cheese - null
[2020-03-09T16:17:49.195] [DEBUG] cheese - null
[2020-03-09T17:04:20.366] [DEBUG] cheese - login => username:admin,password:123456
[2020-03-09T17:04:20.366] [DEBUG] cheese - admin
[2020-03-09T17:04:20.371] [DEBUG] cheese - null
[2020-03-09T17:04:20.371] [DEBUG] cheese - null
[2020-03-09T17:12:12.753] [DEBUG] cheese - login => username:admin,password:123456
[2020-03-09T17:12:12.753] [DEBUG] cheese - admin
[2020-03-09T17:12:12.757] [DEBUG] cheese - null
[2020-03-09T17:12:12.757] [DEBUG] cheese - null
[2020-03-09T17:39:53.931] [DEBUG] cheese - login => username:admin,password:123456
[2020-03-09T17:39:53.931] [DEBUG] cheese - admin
[2020-03-09T17:39:53.938] [DEBUG] cheese - null
[2020-03-09T17:39:53.938] [DEBUG] cheese - null
[2020-03-09T19:56:24.141] [DEBUG] cheese - login => username:admin,password:123456
[2020-03-09T19:56:24.141] [DEBUG] cheese - admin
[2020-03-09T19:56:24.148] [DEBUG] cheese - null
[2020-03-09T19:56:24.148] [DEBUG] cheese - null
[2020-03-09T20:00:19.938] [DEBUG] cheese - login => username:admin,password:123456
[2020-03-09T20:00:19.938] [DEBUG] cheese - admin
[2020-03-09T20:00:19.943] [DEBUG] cheese - null
[2020-03-09T20:00:19.943] [DEBUG] cheese - null
[2020-03-09T20:11:53.028] [DEBUG] cheese - login => username:admin,password:123456
[2020-03-09T20:11:53.028] [DEBUG] cheese - admin
[2020-03-09T20:11:53.032] [DEBUG] cheese - null
[2020-03-09T20:11:53.032] [DEBUG] cheese - null
[2020-03-09T21:18:02.948] [DEBUG] cheese - login => username:admin,password:123456
[2020-03-09T21:18:02.950] [DEBUG] cheese - admin
[2020-03-09T21:18:02.962] [DEBUG] cheese - null
[2020-03-09T21:18:02.963] [DEBUG] cheese - null
[2020-03-09T21:23:20.811] [DEBUG] cheese - login => username:admin,password:123456
[2020-03-09T21:23:20.812] [DEBUG] cheese - admin
[2020-03-09T21:23:20.815] [DEBUG] cheese - null
[2020-03-09T21:23:20.816] [DEBUG] cheese - null
[2020-03-09T21:50:50.972] [DEBUG] cheese - login => username:admin,password:123456
[2020-03-09T21:50:50.973] [DEBUG] cheese - admin
[2020-03-09T21:50:50.976] [DEBUG] cheese - null
[2020-03-09T21:50:50.976] [DEBUG] cheese - null
[2020-03-09T22:02:14.902] [DEBUG] cheese - login => username:admin,password:123456
[2020-03-09T22:02:14.903] [DEBUG] cheese - admin
[2020-03-09T22:02:14.913] [DEBUG] cheese - null
[2020-03-09T22:02:14.913] [DEBUG] cheese - null
[2020-03-09T22:46:00.438] [DEBUG] cheese - login => username:admin,password:123456
[2020-03-09T22:46:00.438] [DEBUG] cheese - admin
[2020-03-09T22:46:00.441] [DEBUG] cheese - null
[2020-03-09T22:46:00.441] [DEBUG] cheese - null
[2020-03-09T22:57:29.183] [DEBUG] cheese - login => username:admin,password:123456
[2020-03-09T22:57:29.183] [DEBUG] cheese - admin
[2020-03-09T22:57:29.188] [DEBUG] cheese - null
[2020-03-09T22:57:29.188] [DEBUG] cheese - null
[2020-03-09T22:57:52.764] [DEBUG] cheese - login => username:admin,password:123456
[2020-03-09T22:57:52.765] [DEBUG] cheese - admin
[2020-03-09T22:57:52.767] [DEBUG] cheese - null
[2020-03-09T22:57:52.768] [DEBUG] cheese - null
[2020-03-10T11:14:01.921] [DEBUG] cheese - login => username:admin,password:123456
[2020-03-10T11:14:01.923] [DEBUG] cheese - admin
[2020-03-10T11:14:01.992] [DEBUG] cheese - null
[2020-03-10T11:14:01.992] [DEBUG] cheese - null
[2020-03-10T11:53:59.013] [DEBUG] cheese - login => username:admin,password:123456
[2020-03-10T11:53:59.013] [DEBUG] cheese - admin
[2020-03-10T11:53:59.019] [DEBUG] cheese - null
[2020-03-10T11:53:59.019] [DEBUG] cheese - null
[2020-03-10T12:02:02.821] [DEBUG] cheese - login => username:admin,password:123456
[2020-03-10T12:02:02.821] [DEBUG] cheese - admin
[2020-03-10T12:02:02.836] [DEBUG] cheese - null
[2020-03-10T12:02:02.836] [DEBUG] cheese - null
[2020-03-10T12:26:20.106] [DEBUG] cheese - login => username:admin,password:123456
[2020-03-10T12:26:20.107] [DEBUG] cheese - admin
[2020-03-10T12:26:20.113] [DEBUG] cheese - null
[2020-03-10T12:26:20.113] [DEBUG] cheese - null
[2020-03-10T12:31:57.076] [DEBUG] cheese - login => username:admin,password:123456
[2020-03-10T12:31:57.076] [DEBUG] cheese - admin
[2020-03-10T12:31:57.081] [DEBUG] cheese - null
[2020-03-10T12:31:57.081] [DEBUG] cheese - null
[2020-03-10T14:17:52.885] [DEBUG] cheese - login => username:admin,password:123456
[2020-03-10T14:17:52.885] [DEBUG] cheese - admin
[2020-03-10T14:17:52.890] [DEBUG] cheese - null
[2020-03-10T14:17:52.890] [DEBUG] cheese - null
[2020-03-10T14:43:44.620] [DEBUG] cheese - login => username:admin,password:123456
[2020-03-10T14:43:44.620] [DEBUG] cheese - admin
[2020-03-10T14:43:44.633] [DEBUG] cheese - null
[2020-03-10T14:43:44.633] [DEBUG] cheese - null
[2020-03-10T14:45:09.385] [DEBUG] cheese - login => username:admin,password:123456
[2020-03-10T14:45:09.385] [DEBUG] cheese - admin
[2020-03-10T14:45:09.389] [DEBUG] cheese - null
[2020-03-10T14:45:09.389] [DEBUG] cheese - null
[2020-03-10T14:46:16.595] [DEBUG] cheese - login => username:admin,password:123456
[2020-03-10T14:46:16.595] [DEBUG] cheese - admin
[2020-03-10T14:46:16.601] [DEBUG] cheese - null
[2020-03-10T14:46:16.601] [DEBUG] cheese - null
[2020-03-10T15:12:13.746] [DEBUG] cheese - login => username:admin,password:123456
[2020-03-10T15:12:13.746] [DEBUG] cheese - admin
[2020-03-10T15:12:13.750] [DEBUG] cheese - null
[2020-03-10T15:12:13.750] [DEBUG] cheese - null
[2020-03-10T15:12:35.985] [DEBUG] cheese - login => username:admin,password:123456
[2020-03-10T15:12:35.985] [DEBUG] cheese - admin
[2020-03-10T15:12:35.989] [DEBUG] cheese - null
[2020-03-10T15:12:35.989] [DEBUG] cheese - null
[2020-03-10T15:22:35.413] [DEBUG] cheese - login => username:admin,password:123456
[2020-03-10T15:22:35.414] [DEBUG] cheese - admin
[2020-03-10T15:22:35.422] [DEBUG] cheese - null
[2020-03-10T15:22:35.422] [DEBUG] cheese - null
[2020-03-10T15:39:10.982] [DEBUG] cheese - login => username:admin,password:123456
[2020-03-10T15:39:10.982] [DEBUG] cheese - admin
[2020-03-10T15:39:10.986] [DEBUG] cheese - null
[2020-03-10T15:39:10.986] [DEBUG] cheese - null
[2020-03-10T15:43:48.389] [DEBUG] cheese - login => username:admin,password:123456
[2020-03-10T15:43:48.389] [DEBUG] cheese - admin
[2020-03-10T15:43:48.392] [DEBUG] cheese - null
[2020-03-10T15:43:48.392] [DEBUG] cheese - null
[2020-03-10T16:32:47.929] [DEBUG] cheese - login => username:admin,password:123456
[2020-03-10T16:32:47.930] [DEBUG] cheese - admin
[2020-03-10T16:32:47.935] [DEBUG] cheese - null
[2020-03-10T16:32:47.935] [DEBUG] cheese - null
[2020-03-10T17:00:36.100] [DEBUG] cheese - login => username:admin,password:123456
[2020-03-10T17:00:36.100] [DEBUG] cheese - admin
[2020-03-10T17:00:36.108] [DEBUG] cheese - null
[2020-03-10T17:00:36.108] [DEBUG] cheese - null
[2020-03-10T20:21:14.265] [DEBUG] cheese - login => username:admin,password:123456
[2020-03-10T20:21:14.266] [DEBUG] cheese - admin
[2020-03-10T20:21:14.270] [DEBUG] cheese - null
[2020-03-10T20:21:14.270] [DEBUG] cheese - null
[2020-03-10T20:54:28.279] [DEBUG] cheese - login => username:admin,password:123456
[2020-03-10T20:54:28.279] [DEBUG] cheese - admin
[2020-03-10T20:54:28.282] [DEBUG] cheese - null
[2020-03-10T20:54:28.283] [DEBUG] cheese - null
[2020-03-10T21:05:59.407] [DEBUG] cheese - login => username:admin,password:123456
[2020-03-10T21:05:59.407] [DEBUG] cheese - admin
[2020-03-10T21:05:59.411] [DEBUG] cheese - null
[2020-03-10T21:05:59.411] [DEBUG] cheese - null
[2020-03-10T21:10:53.632] [DEBUG] cheese - null
[2020-03-10T21:12:32.350] [DEBUG] cheese - login => username:admin,password:123456
[2020-03-10T21:12:32.353] [DEBUG] cheese - admin
[2020-03-10T21:12:32.413] [DEBUG] cheese - null
[2020-03-10T21:12:32.414] [DEBUG] cheese - null
[2020-03-10T21:12:52.446] [DEBUG] cheese - null
[2020-03-10T21:14:09.269] [DEBUG] cheese - login => username:admin,password:123456
[2020-03-10T21:14:09.272] [DEBUG] cheese - admin
[2020-03-10T21:14:09.358] [DEBUG] cheese - null
[2020-03-10T21:14:09.359] [DEBUG] cheese - null
[2020-03-10T21:14:15.021] [DEBUG] cheese - null
[2020-03-10T21:17:59.217] [DEBUG] cheese - login => username:admin,password:123456
[2020-03-10T21:17:59.218] [DEBUG] cheese - admin
[2020-03-10T21:17:59.224] [DEBUG] cheese - null
[2020-03-10T21:17:59.224] [DEBUG] cheese - null
[2020-03-10T21:18:04.943] [DEBUG] cheese - null
[2020-03-10T21:18:48.122] [DEBUG] cheese - null
[2020-03-10T21:19:12.904] [DEBUG] cheese - null
[2020-03-10T21:21:26.854] [DEBUG] cheese - login => username:admin,password:123456
[2020-03-10T21:21:26.856] [DEBUG] cheese - admin
[2020-03-10T21:21:26.932] [DEBUG] cheese - null
[2020-03-10T21:21:26.932] [DEBUG] cheese - null
[2020-03-10T21:21:33.165] [DEBUG] cheese - null
[2020-03-10T21:23:35.395] [DEBUG] cheese - login => username:admin,password:123456
[2020-03-10T21:23:35.397] [DEBUG] cheese - admin
[2020-03-10T21:23:35.462] [DEBUG] cheese - null
[2020-03-10T21:23:35.462] [DEBUG] cheese - null
[2020-03-10T21:23:55.383] [DEBUG] cheese - null
[2020-03-10T21:30:12.593] [DEBUG] cheese - login => username:admin,password:123456
[2020-03-10T21:30:12.595] [DEBUG] cheese - admin
[2020-03-10T21:30:12.687] [DEBUG] cheese - null
[2020-03-10T21:30:12.688] [DEBUG] cheese - null
[2020-03-10T21:30:44.352] [DEBUG] cheese - null
[2020-03-10T21:34:40.078] [DEBUG] cheese - login => username:admin,password:123456
[2020-03-10T21:34:40.079] [DEBUG] cheese - admin
[2020-03-10T21:34:40.094] [DEBUG] cheese - null
[2020-03-10T21:34:40.095] [DEBUG] cheese - null
[2020-03-10T21:35:06.078] [DEBUG] cheese - null
[2020-03-10T21:35:28.000] [DEBUG] cheese - null
[2020-03-10T21:35:35.928] [DEBUG] cheese - null
[2020-03-10T21:36:05.449] [DEBUG] cheese - null
[2020-03-10T21:36:46.016] [DEBUG] cheese - null
[2020-03-10T21:40:45.567] [DEBUG] cheese - null
[2020-03-10T21:54:21.166] [DEBUG] cheese - null
[2020-03-10T21:59:21.422] [DEBUG] cheese - null
[2020-03-10T21:59:50.853] [DEBUG] cheese - null
[2020-03-10T22:00:27.391] [DEBUG] cheese - null
[2020-03-10T22:01:01.077] [DEBUG] cheese - null
[2020-03-10T22:02:01.766] [DEBUG] cheese - null
[2020-03-10T22:06:06.169] [DEBUG] cheese - login => username:admin,password:123456
[2020-03-10T22:06:06.169] [DEBUG] cheese - admin
[2020-03-10T22:06:06.174] [DEBUG] cheese - null
[2020-03-10T22:06:06.174] [DEBUG] cheese - null
[2020-03-10T22:06:51.619] [DEBUG] cheese - null
[2020-03-10T22:06:54.345] [DEBUG] cheese - null
[2020-03-10T22:06:58.764] [DEBUG] cheese - null
[2020-03-10T22:18:39.115] [DEBUG] cheese - login => username:admin,password:123456
[2020-03-10T22:18:39.115] [DEBUG] cheese - admin
[2020-03-10T22:18:39.119] [DEBUG] cheese - null
[2020-03-10T22:18:39.119] [DEBUG] cheese - null
[2020-03-10T22:38:58.519] [DEBUG] cheese - login => username:admin,password:123456
[2020-03-10T22:38:58.519] [DEBUG] cheese - admin
[2020-03-10T22:38:58.551] [DEBUG] cheese - null
[2020-03-10T22:38:58.551] [DEBUG] cheese - null
[2020-03-10T22:39:32.699] [DEBUG] cheese - login => username:admin,password:123456
[2020-03-10T22:39:32.699] [DEBUG] cheese - admin
[2020-03-10T22:39:32.707] [DEBUG] cheese - null
[2020-03-10T22:39:32.707] [DEBUG] cheese - null
[2020-03-10T22:44:33.829] [DEBUG] cheese - login => username:admin,password:123456
[2020-03-10T22:44:33.829] [DEBUG] cheese - admin
[2020-03-10T22:44:33.832] [DEBUG] cheese - null
[2020-03-10T22:44:33.832] [DEBUG] cheese - null
[2020-03-11T10:48:59.854] [DEBUG] cheese - login => username:admin,password:123456
[2020-03-11T10:48:59.856] [DEBUG] cheese - admin
[2020-03-11T10:48:59.941] [DEBUG] cheese - null
[2020-03-11T10:48:59.942] [DEBUG] cheese - null
[2020-03-11T11:24:55.641] [DEBUG] cheese - login => username:admin,password:123456
[2020-03-11T11:24:55.641] [DEBUG] cheese - admin
[2020-03-11T11:24:55.645] [DEBUG] cheese - null
[2020-03-11T11:24:55.645] [DEBUG] cheese - null
[2020-03-11T12:05:50.597] [DEBUG] cheese - login => username:admin,password:123456
[2020-03-11T12:05:50.598] [DEBUG] cheese - admin
[2020-03-11T12:05:50.601] [DEBUG] cheese - null
[2020-03-11T12:05:50.602] [DEBUG] cheese - null
[2020-03-11T14:55:51.288] [DEBUG] cheese - login => username:admin,password:123456
[2020-03-11T14:55:51.290] [DEBUG] cheese - admin
[2020-03-11T14:55:51.297] [DEBUG] cheese - null
[2020-03-11T14:55:51.297] [DEBUG] cheese - null
[2020-03-11T15:36:12.092] [DEBUG] cheese - login => username:admin,password:123456
[2020-03-11T15:36:12.095] [DEBUG] cheese - admin
[2020-03-11T15:36:12.114] [DEBUG] cheese - null
[2020-03-11T15:36:12.114] [DEBUG] cheese - null
[2020-03-11T15:39:05.985] [DEBUG] cheese - login => username:admin,password:123456
[2020-03-11T15:39:05.989] [DEBUG] cheese - admin
[2020-03-11T15:39:06.006] [DEBUG] cheese - null
[2020-03-11T15:39:06.007] [DEBUG] cheese - null
[2020-03-11T15:40:31.796] [DEBUG] cheese - login => username:admin,password:123456
[2020-03-11T15:40:31.797] [DEBUG] cheese - admin
[2020-03-11T15:40:31.866] [DEBUG] cheese - null
[2020-03-11T15:40:31.867] [DEBUG] cheese - null
[2020-03-11T15:46:26.467] [DEBUG] cheese - login => username:admin,password:123456
[2020-03-11T15:46:26.469] [DEBUG] cheese - admin
[2020-03-11T15:46:26.484] [DEBUG] cheese - null
[2020-03-11T15:46:26.485] [DEBUG] cheese - null
[2020-03-11T15:56:30.234] [DEBUG] cheese - login => username:admin,password:123456
[2020-03-11T15:56:30.234] [DEBUG] cheese - admin
[2020-03-11T15:56:30.239] [DEBUG] cheese - null
[2020-03-11T15:56:30.240] [DEBUG] cheese - null
[2020-03-11T16:43:32.543] [DEBUG] cheese - login => username:admin,password:123456
[2020-03-11T16:43:32.544] [DEBUG] cheese - admin
[2020-03-11T16:43:32.550] [DEBUG] cheese - null
[2020-03-11T16:43:32.550] [DEBUG] cheese - null
[2020-03-11T19:01:18.463] [DEBUG] cheese - login => username:admin,password:123456
[2020-03-11T19:01:18.464] [DEBUG] cheese - admin
[2020-03-11T19:01:18.473] [DEBUG] cheese - null
[2020-03-11T19:01:18.473] [DEBUG] cheese - null
[2020-03-11T19:09:21.266] [DEBUG] cheese - login => username:admin,password:123456
[2020-03-11T19:09:21.269] [DEBUG] cheese - admin
[2020-03-11T19:09:21.277] [DEBUG] cheese - null
[2020-03-11T19:09:21.278] [DEBUG] cheese - null
[2020-03-11T19:44:14.918] [DEBUG] cheese - login => username:admin,password:123456
[2020-03-11T19:44:14.921] [DEBUG] cheese - admin
[2020-03-11T19:44:14.928] [DEBUG] cheese - null
[2020-03-11T19:44:14.929] [DEBUG] cheese - null
[2020-03-11T19:46:43.747] [DEBUG] cheese - login => username:admin,password:123456
[2020-03-11T19:46:43.749] [DEBUG] cheese - admin
[2020-03-11T19:46:43.758] [DEBUG] cheese - null
[2020-03-11T19:46:43.759] [DEBUG] cheese - null
[2020-03-11T19:51:09.681] [DEBUG] cheese - login => username:admin,password:123456
[2020-03-11T19:51:09.682] [DEBUG] cheese - admin
[2020-03-11T19:51:09.692] [DEBUG] cheese - null
[2020-03-11T19:51:09.692] [DEBUG] cheese - null
[2020-03-11T19:53:42.101] [DEBUG] cheese - login => username:admin,password:123456
[2020-03-11T19:53:42.101] [DEBUG] cheese - admin
[2020-03-11T19:53:42.105] [DEBUG] cheese - null
[2020-03-11T19:53:42.105] [DEBUG] cheese - null
[2020-03-11T19:54:33.706] [DEBUG] cheese - login => username:admin,password:123456
[2020-03-11T19:54:33.706] [DEBUG] cheese - admin
[2020-03-11T19:54:33.711] [DEBUG] cheese - null
[2020-03-11T19:54:33.711] [DEBUG] cheese - null
[2020-03-11T20:53:59.904] [DEBUG] cheese - login => username:admin,password:123456
[2020-03-11T20:53:59.907] [DEBUG] cheese - admin
[2020-03-11T20:53:59.916] [DEBUG] cheese - null
[2020-03-11T20:53:59.916] [DEBUG] cheese - null
[2020-03-11T21:21:57.068] [DEBUG] cheese - login => username:admin,password:123456
[2020-03-11T21:21:57.070] [DEBUG] cheese - admin
[2020-03-11T21:21:57.077] [DEBUG] cheese - null
[2020-03-11T21:21:57.078] [DEBUG] cheese - null
[2020-03-11T21:45:55.973] [DEBUG] cheese - login => username:admin,password:123456
[2020-03-11T21:45:55.975] [DEBUG] cheese - admin
[2020-03-11T21:45:55.983] [DEBUG] cheese - null
[2020-03-11T21:45:55.984] [DEBUG] cheese - null
[2020-03-11T22:28:24.204] [DEBUG] cheese - login => username:admin,password:123456
[2020-03-11T22:28:24.207] [DEBUG] cheese - admin
[2020-03-11T22:28:24.215] [DEBUG] cheese - null
[2020-03-11T22:28:24.216] [DEBUG] cheese - null
[2020-03-11T22:43:52.521] [DEBUG] cheese - login => username:admin,password:123456
[2020-03-11T22:43:52.525] [DEBUG] cheese - admin
[2020-03-11T22:43:52.534] [DEBUG] cheese - null
[2020-03-11T22:43:52.536] [DEBUG] cheese - null
[2020-03-11T22:45:28.358] [DEBUG] cheese - login => username:admin,password:123456
[2020-03-11T22:45:28.361] [DEBUG] cheese - admin
[2020-03-11T22:45:28.367] [DEBUG] cheese - null
[2020-03-11T22:45:28.367] [DEBUG] cheese - null
[2020-03-11T23:06:55.413] [DEBUG] cheese - login => username:admin,password:123456
[2020-03-11T23:06:55.416] [DEBUG] cheese - admin
[2020-03-11T23:06:55.428] [DEBUG] cheese - null
[2020-03-11T23:06:55.428] [DEBUG] cheese - null
[2020-03-12T10:51:30.240] [DEBUG] cheese - login => username:admin,password:123456
[2020-03-12T10:51:30.243] [DEBUG] cheese - admin
[2020-03-12T10:51:30.310] [DEBUG] cheese - null
[2020-03-12T10:51:30.311] [DEBUG] cheese - null
[2020-03-12T11:17:19.284] [DEBUG] cheese - login => username:admin,password:123456
[2020-03-12T11:17:19.286] [DEBUG] cheese - admin
[2020-03-12T11:17:19.293] [DEBUG] cheese - null
[2020-03-12T11:17:19.294] [DEBUG] cheese - null
[2020-03-12T12:04:08.468] [DEBUG] cheese - login => username:admin,password:123456
[2020-03-12T12:04:08.472] [DEBUG] cheese - admin
[2020-03-12T12:04:08.480] [DEBUG] cheese - null
[2020-03-12T12:04:08.481] [DEBUG] cheese - null
[2020-03-12T16:38:52.093] [DEBUG] cheese - login => username:admin,password:123456
[2020-03-12T16:38:52.096] [DEBUG] cheese - admin
[2020-03-12T16:38:52.103] [DEBUG] cheese - null
[2020-03-12T16:38:52.104] [DEBUG] cheese - null
[2020-03-12T16:39:25.024] [DEBUG] cheese - login => username:admin,password:123456
[2020-03-12T16:39:25.025] [DEBUG] cheese - admin
[2020-03-12T16:39:25.028] [DEBUG] cheese - null
[2020-03-12T16:39:25.028] [DEBUG] cheese - null
[2020-03-12T17:45:32.316] [DEBUG] cheese - login => username:admin,password:123456
[2020-03-12T17:45:32.319] [DEBUG] cheese - admin
[2020-03-12T17:45:32.328] [DEBUG] cheese - null
[2020-03-12T17:45:32.328] [DEBUG] cheese - null
[2020-03-12T19:53:02.058] [DEBUG] cheese - login => username:admin,password:123456
[2020-03-12T19:53:02.062] [DEBUG] cheese - admin
[2020-03-12T19:53:02.071] [DEBUG] cheese - null
[2020-03-12T19:53:02.071] [DEBUG] cheese - null
[2020-03-12T20:24:01.418] [DEBUG] cheese - login => username:admin,password:123456
[2020-03-12T20:24:01.420] [DEBUG] cheese - admin
[2020-03-12T20:24:01.430] [DEBUG] cheese - null
[2020-03-12T20:24:01.431] [DEBUG] cheese - null
[2020-03-12T20:58:45.669] [DEBUG] cheese - login => username:admin,password:123456
[2020-03-12T20:58:45.671] [DEBUG] cheese - admin
[2020-03-12T20:58:45.678] [DEBUG] cheese - null
[2020-03-12T20:58:45.679] [DEBUG] cheese - null
[2020-03-12T22:31:33.195] [DEBUG] cheese - login => username:admin,password:123456
[2020-03-12T22:31:33.198] [DEBUG] cheese - admin
[2020-03-12T22:31:33.204] [DEBUG] cheese - null
[2020-03-12T22:31:33.205] [DEBUG] cheese - null
[2020-03-13T20:50:43.988] [DEBUG] cheese - login => username:admin,password:123456
[2020-03-13T20:50:43.991] [DEBUG] cheese - admin
[2020-03-13T20:50:44.008] [DEBUG] cheese - null
[2020-03-13T20:50:44.009] [DEBUG] cheese - null
[2020-03-14T21:50:52.027] [DEBUG] cheese - login => username:admin,password:123456
[2020-03-14T21:50:52.029] [DEBUG] cheese - admin
[2020-03-14T21:50:52.086] [DEBUG] cheese - null
[2020-03-14T21:50:52.087] [DEBUG] cheese - null
[2020-03-14T22:03:59.027] [DEBUG] cheese - login => username:admin,password:123456
[2020-03-14T22:03:59.029] [DEBUG] cheese - admin
[2020-03-14T22:03:59.036] [DEBUG] cheese - null
[2020-03-14T22:03:59.036] [DEBUG] cheese - null
[2020-03-20T11:22:35.969] [DEBUG] cheese - login => username:admin,password:123456
[2020-03-20T11:22:35.972] [DEBUG] cheese - admin
[2020-03-20T11:22:36.105] [DEBUG] cheese - null
[2020-03-20T11:22:36.106] [DEBUG] cheese - null
[2020-03-20T11:39:15.971] [DEBUG] cheese - login => username:admin,password:123456
[2020-03-20T11:39:15.973] [DEBUG] cheese - admin
[2020-03-20T11:39:16.024] [DEBUG] cheese - null
[2020-03-20T11:39:16.024] [DEBUG] cheese - null
[2020-03-20T16:43:01.734] [DEBUG] cheese - login => username:admin,password:123456
[2020-03-20T16:43:01.736] [DEBUG] cheese - admin
[2020-03-20T16:43:01.742] [DEBUG] cheese - null
[2020-03-20T16:43:01.743] [DEBUG] cheese - null
[2020-03-20T17:11:37.989] [DEBUG] cheese - login => username:admin,password:123456
[2020-03-20T17:11:37.990] [DEBUG] cheese - admin
[2020-03-20T17:11:37.993] [DEBUG] cheese - null
[2020-03-20T17:11:37.993] [DEBUG] cheese - null
[2020-03-20T17:19:26.516] [DEBUG] cheese - login => username:admin,password:123456
[2020-03-20T17:19:26.516] [DEBUG] cheese - admin
[2020-03-20T17:19:26.519] [DEBUG] cheese - null
[2020-03-20T17:19:26.519] [DEBUG] cheese - null
[2020-03-20T17:37:15.627] [DEBUG] cheese - login => username:admin,password:123456
[2020-03-20T17:37:15.630] [DEBUG] cheese - admin
[2020-03-20T17:37:15.636] [DEBUG] cheese - null
[2020-03-20T17:37:15.637] [DEBUG] cheese - null
[2020-03-20T17:39:24.185] [DEBUG] cheese - login => username:admin,password:123456
[2020-03-20T17:39:24.185] [DEBUG] cheese - admin
[2020-03-20T17:39:24.189] [DEBUG] cheese - null
[2020-03-20T17:39:24.189] [DEBUG] cheese - null
[2020-03-20T17:41:30.296] [DEBUG] cheese - login => username:admin,password:123456
[2020-03-20T17:41:30.296] [DEBUG] cheese - admin
[2020-03-20T17:41:30.299] [DEBUG] cheese - null
[2020-03-20T17:41:30.299] [DEBUG] cheese - null
[2020-03-20T19:30:03.999] [DEBUG] cheese - login => username:admin,password:123456
[2020-03-20T19:30:03.999] [DEBUG] cheese - admin
[2020-03-20T19:30:04.006] [DEBUG] cheese - null
[2020-03-20T19:30:04.006] [DEBUG] cheese - null
[2020-03-20T19:34:13.998] [DEBUG] cheese - login => username:admin,password:123456
[2020-03-20T19:34:13.998] [DEBUG] cheese - admin
[2020-03-20T19:34:14.003] [DEBUG] cheese - null
[2020-03-20T19:34:14.003] [DEBUG] cheese - null
[2020-03-20T19:35:02.283] [DEBUG] cheese - login => username:admin,password:123456
[2020-03-20T19:35:02.283] [DEBUG] cheese - admin
[2020-03-20T19:35:02.290] [DEBUG] cheese - null
[2020-03-20T19:35:02.290] [DEBUG] cheese - null
[2020-03-20T19:36:04.293] [DEBUG] cheese - login => username:admin,password:123456
[2020-03-20T19:36:04.293] [DEBUG] cheese - admin
[2020-03-20T19:36:04.299] [DEBUG] cheese - null
[2020-03-20T19:36:04.299] [DEBUG] cheese - null
[2020-03-20T19:36:34.182] [DEBUG] cheese - login => username:admin,password:123456
[2020-03-20T19:36:34.182] [DEBUG] cheese - admin
[2020-03-20T19:36:34.187] [DEBUG] cheese - null
[2020-03-20T19:36:34.187] [DEBUG] cheese - null
[2020-03-21T16:18:25.951] [DEBUG] cheese - login => username:admin,password:123456
[2020-03-21T16:18:25.953] [DEBUG] cheese - admin
[2020-03-21T16:18:26.013] [DEBUG] cheese - null
[2020-03-21T16:18:26.014] [DEBUG] cheese - null
[2020-03-21T16:48:48.931] [DEBUG] cheese - login => username:admin,password:123456
[2020-03-21T16:48:48.934] [DEBUG] cheese - admin
[2020-03-21T16:48:48.942] [DEBUG] cheese - null
[2020-03-21T16:48:48.943] [DEBUG] cheese - null
[2020-03-21T17:37:13.495] [DEBUG] cheese - login => username:admin,password:123456
[2020-03-21T17:37:13.497] [DEBUG] cheese - admin
[2020-03-21T17:37:13.504] [DEBUG] cheese - null
[2020-03-21T17:37:13.505] [DEBUG] cheese - null
[2020-03-21T22:03:05.348] [DEBUG] cheese - login => username:admin,password:123456
[2020-03-21T22:03:05.352] [DEBUG] cheese - admin
[2020-03-21T22:03:05.359] [DEBUG] cheese - null
[2020-03-21T22:03:05.360] [DEBUG] cheese - null
[2020-03-23T14:01:58.673] [DEBUG] cheese - login => username:admin,password:123456
[2020-03-23T14:01:58.674] [DEBUG] cheese - admin
[2020-03-23T14:01:58.771] [DEBUG] cheese - null
[2020-03-23T14:01:58.772] [DEBUG] cheese - null
[2020-03-23T14:20:45.396] [DEBUG] cheese - login => username:admin,password:123456
[2020-03-23T14:20:45.396] [DEBUG] cheese - admin
[2020-03-23T14:20:45.405] [DEBUG] cheese - null
[2020-03-23T14:20:45.405] [DEBUG] cheese - null
[2020-03-23T20:46:23.408] [DEBUG] cheese - null
[2020-03-23T20:48:18.744] [DEBUG] cheese - null
[2020-03-23T20:48:40.349] [DEBUG] cheese - null
[2020-03-23T20:50:05.046] [DEBUG] cheese - null
[2020-03-23T20:50:06.807] [DEBUG] cheese - null
[2020-03-23T20:50:14.117] [DEBUG] cheese - null
[2020-03-23T20:50:29.509] [DEBUG] cheese - null
[2020-03-23T20:51:07.318] [DEBUG] cheese - null
[2020-03-23T21:07:40.844] [DEBUG] cheese - null
[2020-03-23T21:07:48.906] [DEBUG] cheese - null
[2020-03-23T21:34:36.784] [DEBUG] cheese - login => username:admin,password:123456
[2020-03-23T21:34:36.784] [DEBUG] cheese - admin
[2020-03-23T21:34:36.789] [DEBUG] cheese - null
[2020-03-23T21:34:36.789] [DEBUG] cheese - null
[2020-03-24T10:52:56.080] [DEBUG] cheese - login => username:admin,password:123456
[2020-03-24T10:52:56.084] [DEBUG] cheese - admin
[2020-03-24T10:52:56.131] [DEBUG] cheese - null
[2020-03-24T10:52:56.132] [DEBUG] cheese - null
[2020-03-24T12:23:29.718] [DEBUG] cheese - login => username:admin,password:123456
[2020-03-24T12:23:29.719] [DEBUG] cheese - admin
[2020-03-24T12:23:29.726] [DEBUG] cheese - null
[2020-03-24T12:23:29.726] [DEBUG] cheese - null
[2020-03-24T17:19:39.552] [DEBUG] cheese - login => username:admin,password:123456
[2020-03-24T17:19:39.554] [DEBUG] cheese - admin
[2020-03-24T17:19:39.561] [DEBUG] cheese - null
[2020-03-24T17:19:39.562] [DEBUG] cheese - null
[2020-03-31T18:52:59.737] [DEBUG] cheese - login => username:admin,password:123456
[2020-03-31T18:52:59.739] [DEBUG] cheese - admin
[2020-03-31T18:52:59.839] [DEBUG] cheese - null
[2020-03-31T18:52:59.840] [DEBUG] cheese - null
